2023-08-10 13:46:34,155 [INFO] Activator:176 - 


2023-08-10 13:46:34,165 [INFO] Activator:177 - !SESSION log4j initialized
2023-08-10 13:46:42,837 [INFO] LogOutputStream:77 - [STDOUT_REDIRECT] 
2023-08-10 13:46:53,250 [INFO] ApplicationProperties:184 - Using Application install path: F:\STM32CubeIDE_1.13.1\STM32CubeIDE\plugins\com.st.stm32cube.common.mx_6.9.1.202307191849
2023-08-10 13:46:53,268 [INFO] DbMcusXml:78 - Set database path to: F:\STM32CubeIDE_1.13.1\STM32CubeIDE\plugins\com.st.stm32cube.common.mx_6.9.1.202307191849\\db\/mcu/
2023-08-10 13:46:53,268 [INFO] ApiDb:274 - Set plugin database path to: F:\STM32CubeIDE_1.13.1\STM32CubeIDE\plugins\com.st.stm32cube.common.mx_6.9.1.202307191849\\db\/plugins/boardmanager/
2023-08-10 13:46:53,269 [WARN] ApiDb:259 - Overriding images path with different value:  => F:\STM32CubeIDE_1.13.1\STM32CubeIDE\plugins\com.st.stm32cube.common.mx_6.9.1.202307191849\\db\/plugins/mcufinder/images/
2023-08-10 13:46:53,282 [INFO] ApiDb:250 - Set database path to: C:\Users\fishc\.stmcufinder\plugins\mcufinder//mcu/
2023-08-10 13:46:53,283 [INFO] DbMcusAds:125 - Set database path to: C:\Users\fishc\.stmcufinder\plugins\mcufinder//mcu/
2023-08-10 13:46:53,409 [INFO] CrossReferenceDbSqlite:203 - Set database path to: C:\Users\fishc\.stmcufinder\plugins\mcufinder//mcu/cs/
2023-08-10 13:46:53,579 [INFO] RulesReader:64 - Compatibility file has been processed (293 Rules)
2023-08-10 13:46:53,757 [INFO] DbMcusXml:78 - Set database path to: F:\STM32CubeIDE_1.13.1\STM32CubeIDE\plugins\com.st.stm32cube.common.mx_6.9.1.202307191849\\db\/mcu/
2023-08-10 13:46:53,757 [INFO] ApiDb:274 - Set plugin database path to: F:\STM32CubeIDE_1.13.1\STM32CubeIDE\plugins\com.st.stm32cube.common.mx_6.9.1.202307191849\\db\/plugins/boardmanager/
2023-08-10 13:46:53,757 [INFO] ApiDb:261 - Set plugin images path to: F:\STM32CubeIDE_1.13.1\STM32CubeIDE\plugins\com.st.stm32cube.common.mx_6.9.1.202307191849\\db\/plugins/mcufinder/images/
2023-08-10 13:46:53,758 [WARN] DbFile:41 - Overriding database path with different value: C:\Users\fishc\.stmcufinder\plugins\mcufinder/ => C:\Users\fishc\.stmcufinder\plugins\mcufinder
2023-08-10 13:46:53,758 [INFO] ApiDb:250 - Set database path to: C:\Users\fishc\.stmcufinder\plugins\mcufinder//mcu/
2023-08-10 13:46:53,758 [WARN] DbFile:41 - Overriding database path with different value: C:\Users\fishc\.stmcufinder\plugins\mcufinder/ => C:\Users\fishc\.stmcufinder\plugins\mcufinder
2023-08-10 13:46:53,758 [INFO] DbMcusAds:125 - Set database path to: C:\Users\fishc\.stmcufinder\plugins\mcufinder//mcu/
2023-08-10 13:46:53,758 [WARN] DbFile:41 - Overriding database path with different value: C:\Users\fishc\.stmcufinder\plugins\mcufinder/ => C:\Users\fishc\.stmcufinder\plugins\mcufinder
2023-08-10 13:46:53,758 [WARN] DbFile:41 - Overriding database path with different value: C:\Users\fishc\.stmcufinder\plugins\mcufinder/ => C:\Users\fishc\.stmcufinder\plugins\mcufinder
2023-08-10 13:46:53,758 [INFO] CrossReferenceDbSqlite:203 - Set database path to: C:\Users\fishc\.stmcufinder\plugins\mcufinder//mcu/cs/
2023-08-10 13:46:53,903 [INFO] MainPanel:262 - HeapMemory: 268435456
2023-08-10 13:46:54,000 [INFO] DbMcusXml:78 - Set database path to: F:\STM32CubeIDE_1.13.1\STM32CubeIDE\plugins\com.st.stm32cube.common.mx_6.9.1.202307191849\\db\/mcu/
2023-08-10 13:46:54,000 [INFO] ApiDb:274 - Set plugin database path to: F:\STM32CubeIDE_1.13.1\STM32CubeIDE\plugins\com.st.stm32cube.common.mx_6.9.1.202307191849\\db\/plugins/boardmanager/
2023-08-10 13:46:54,000 [INFO] ApiDb:261 - Set plugin images path to: F:\STM32CubeIDE_1.13.1\STM32CubeIDE\plugins\com.st.stm32cube.common.mx_6.9.1.202307191849\\db\/plugins/mcufinder/images/
2023-08-10 13:46:54,001 [WARN] DbFile:41 - Overriding database path with different value: C:\Users\fishc\.stmcufinder\plugins\mcufinder/ => C:\Users\fishc\.stmcufinder\plugins\mcufinder
2023-08-10 13:46:54,001 [INFO] ApiDb:250 - Set database path to: C:\Users\fishc\.stmcufinder\plugins\mcufinder//mcu/
2023-08-10 13:46:54,001 [WARN] DbFile:41 - Overriding database path with different value: C:\Users\fishc\.stmcufinder\plugins\mcufinder/ => C:\Users\fishc\.stmcufinder\plugins\mcufinder
2023-08-10 13:46:54,001 [INFO] DbMcusAds:125 - Set database path to: C:\Users\fishc\.stmcufinder\plugins\mcufinder//mcu/
2023-08-10 13:46:54,001 [WARN] DbFile:41 - Overriding database path with different value: C:\Users\fishc\.stmcufinder\plugins\mcufinder/ => C:\Users\fishc\.stmcufinder\plugins\mcufinder
2023-08-10 13:46:54,002 [WARN] DbFile:41 - Overriding database path with different value: C:\Users\fishc\.stmcufinder\plugins\mcufinder/ => C:\Users\fishc\.stmcufinder\plugins\mcufinder
2023-08-10 13:46:54,002 [INFO] CrossReferenceDbSqlite:203 - Set database path to: C:\Users\fishc\.stmcufinder\plugins\mcufinder//mcu/cs/
2023-08-10 13:46:54,025 [INFO] ApplicationProperties:184 - Using Application install path: F:\STM32CubeIDE_1.13.1\STM32CubeIDE\plugins\com.st.stm32cube.common.mx_6.9.1.202307191849
2023-08-10 13:46:54,026 [INFO] PluginManage:196 - Search for loadable plugins [exclusion list=, ]
2023-08-10 13:46:54,028 [INFO] PluginManage:310 - Check plugin analytics
2023-08-10 13:46:58,890 [INFO] AnalyticsPlugin:253 - Accepted Software Licenses: 
2023-08-10 13:46:58,891 [INFO] AnalyticsPlugin:255 - Accepted CMSIS Pack Licenses: 
2023-08-10 13:46:58,892 [INFO] AnalyticsPlugin:257 - Accepted Firmware Licenses: FW.G4.1.5.0
2023-08-10 13:46:58,896 [INFO] PluginManage:359 - Loaded plugin analytics (category:tool,tabindex:-1)
2023-08-10 13:46:58,898 [INFO] PluginManage:310 - Check plugin cadmodel
2023-08-10 13:46:58,958 [INFO] CADModel:105 - Init CAD model plugin
2023-08-10 13:46:58,958 [INFO] PluginManage:359 - Loaded plugin cadmodel (category:power,tabindex:5)
2023-08-10 13:46:58,959 [INFO] PluginManage:310 - Check plugin clock
2023-08-10 13:46:59,033 [INFO] PluginManage:359 - Loaded plugin clock (category:base,tabindex:2)
2023-08-10 13:46:59,033 [INFO] PluginManage:310 - Check plugin ddr
2023-08-10 13:46:59,045 [INFO] PluginManage:359 - Loaded plugin ddr (category:tool,tabindex:6)
2023-08-10 13:46:59,045 [INFO] PluginManage:310 - Check plugin filemanager
2023-08-10 13:46:59,320 [INFO] PluginManage:359 - Loaded plugin filemanager (category:base,tabindex:10)
2023-08-10 13:46:59,320 [INFO] PluginManage:310 - Check plugin ipmanager
2023-08-10 13:46:59,344 [INFO] PluginManage:359 - Loaded plugin ipmanager (category:base,tabindex:5)
2023-08-10 13:46:59,344 [INFO] PluginManage:310 - Check plugin lpbam
2023-08-10 13:46:59,424 [INFO] PluginManage:359 - Loaded plugin lpbam (category:base,tabindex:0)
2023-08-10 13:46:59,424 [INFO] PluginManage:310 - Check plugin memorymap
2023-08-10 13:46:59,464 [INFO] PluginManage:359 - Loaded plugin memorymap (category:base,tabindex:4)
2023-08-10 13:46:59,465 [INFO] PluginManage:310 - Check plugin pinoutandconfiguration
2023-08-10 13:46:59,502 [INFO] PluginManage:359 - Loaded plugin pinoutandconfiguration (category:base,tabindex:1)
2023-08-10 13:46:59,502 [INFO] PluginManage:310 - Check plugin pinoutconfig
2023-08-10 13:46:59,756 [WARN] SupportedApi:132 - Cannot load RTOS API schema: s4s-elt-must-match.1: The content of 'definitions' must match (annotation?, (simpleType | complexType)?, (unique | key | keyref)*)). A problem was found starting at: attribute.
2023-08-10 13:47:00,126 [INFO] PluginManage:359 - Loaded plugin pinoutconfig (category:base,tabindex:0)
2023-08-10 13:47:00,127 [INFO] PluginManage:310 - Check plugin power
2023-08-10 13:47:00,162 [INFO] PluginManage:359 - Loaded plugin power (category:power,tabindex:4)
2023-08-10 13:47:00,163 [INFO] PluginManage:310 - Check plugin projectmanager
2023-08-10 13:47:00,197 [INFO] PluginManage:359 - Loaded plugin projectmanager (category:projectmanager,tabindex:3)
2023-08-10 13:47:00,198 [INFO] PluginManage:310 - Check plugin thirdparty
2023-08-10 13:47:00,579 [INFO] PluginManage:359 - Loaded plugin thirdparty (category:base,tabindex:-1)
2023-08-10 13:47:00,579 [WARN] IntegrityCheckThread:84 - waiting for thirdparty lock release [integrity check]
2023-08-10 13:47:00,579 [INFO] PluginManage:310 - Check plugin tools
2023-08-10 13:47:00,579 [INFO] IntegrityCheckThread:86 - entering critical section [integrity check]
2023-08-10 13:47:00,580 [INFO] ThirdPartyUpdaterWithRetryManager:70 - Updater plugin not ready yet. [1/15]
2023-08-10 13:47:00,620 [INFO] PluginManage:359 - Loaded plugin tools (category:base,tabindex:7)
2023-08-10 13:47:00,620 [INFO] PluginManage:310 - Check plugin tutovideos
2023-08-10 13:47:00,871 [INFO] PluginManage:359 - Loaded plugin tutovideos (category:base,tabindex:-1)
2023-08-10 13:47:00,871 [INFO] PluginManage:310 - Check plugin updater
2023-08-10 13:47:00,888 [INFO] PluginManage:359 - Loaded plugin updater (category:base,tabindex:12)
2023-08-10 13:47:00,888 [INFO] PluginManage:310 - Check plugin userauth
2023-08-10 13:47:00,896 [INFO] UserAuth:113 - Init User Auth plugin
2023-08-10 13:47:00,896 [INFO] PluginManage:359 - Loaded plugin userauth (category:base,tabindex:14)
2023-08-10 13:47:00,898 [INFO] PluginManage:283 - PluginManage : Loaded plugins [17]
2023-08-10 13:47:01,361 [INFO] PinOutPanel:1499 - setPackage(No Configuration,No Configuration)
2023-08-10 13:47:01,656 [INFO] CADModel:165 - CPN selected for project level
2023-08-10 13:47:01,656 [INFO] CADModel:114 - Register for checkConnection events
2023-08-10 13:47:01,687 [INFO] IPUIPlugin:80 - create IPUIPlugin
2023-08-10 13:47:01,688 [INFO] PluginManager:220 - loadIPPluginJar : add adc
2023-08-10 13:47:01,733 [INFO] IPUIPlugin:80 - create IPUIPlugin
2023-08-10 13:47:01,733 [INFO] PluginManager:220 - loadIPPluginJar : add aes
2023-08-10 13:47:01,781 [INFO] IPUIPlugin:80 - create IPUIPlugin
2023-08-10 13:47:01,781 [INFO] PluginManager:220 - loadIPPluginJar : add can
2023-08-10 13:47:01,809 [INFO] IPUIPlugin:80 - create IPUIPlugin
2023-08-10 13:47:01,810 [INFO] PluginManager:220 - loadIPPluginJar : add comp
2023-08-10 13:47:01,849 [INFO] IPUIPlugin:80 - create IPUIPlugin
2023-08-10 13:47:01,850 [INFO] PluginManager:220 - loadIPPluginJar : add cryp
2023-08-10 13:47:01,887 [INFO] IPUIPlugin:80 - create IPUIPlugin
2023-08-10 13:47:01,887 [INFO] PluginManager:220 - loadIPPluginJar : add dfsdm
2023-08-10 13:47:01,902 [INFO] IPUIPlugin:80 - create IPUIPlugin
2023-08-10 13:47:01,903 [INFO] PluginManager:220 - loadIPPluginJar : add dma
2023-08-10 13:47:01,955 [INFO] IPUIPlugin:80 - create IPUIPlugin
2023-08-10 13:47:01,955 [INFO] PluginManager:220 - loadIPPluginJar : add dma3
2023-08-10 13:47:01,980 [INFO] IPUIPlugin:80 - create IPUIPlugin
2023-08-10 13:47:01,980 [INFO] PluginManager:220 - loadIPPluginJar : add fatfs
2023-08-10 13:47:02,038 [INFO] IPUIPlugin:80 - create IPUIPlugin
2023-08-10 13:47:02,038 [INFO] PluginManager:220 - loadIPPluginJar : add fmc
2023-08-10 13:47:02,055 [INFO] IPUIPlugin:80 - create IPUIPlugin
2023-08-10 13:47:02,055 [INFO] PluginManager:220 - loadIPPluginJar : add freertos
2023-08-10 13:47:02,079 [INFO] IPUIPlugin:80 - create IPUIPlugin
2023-08-10 13:47:02,079 [INFO] PluginManager:220 - loadIPPluginJar : add genericplugin
2023-08-10 13:47:02,197 [INFO] IPUIPlugin:80 - create IPUIPlugin
2023-08-10 13:47:02,198 [INFO] PluginManager:220 - loadIPPluginJar : add gfxmmu
2023-08-10 13:47:02,357 [INFO] IPUIPlugin:80 - create IPUIPlugin
2023-08-10 13:47:02,357 [INFO] PluginManager:220 - loadIPPluginJar : add gic
2023-08-10 13:47:02,371 [INFO] IPUIPlugin:80 - create IPUIPlugin
2023-08-10 13:47:02,372 [INFO] PluginManager:220 - loadIPPluginJar : add gpio
2023-08-10 13:47:02,485 [INFO] IPUIPlugin:80 - create IPUIPlugin
2023-08-10 13:47:02,485 [INFO] PluginManager:220 - loadIPPluginJar : add gtzc
2023-08-10 13:47:02,523 [INFO] IPUIPlugin:80 - create IPUIPlugin
2023-08-10 13:47:02,523 [INFO] PluginManager:220 - loadIPPluginJar : add hash
2023-08-10 13:47:02,591 [INFO] IPUIPlugin:80 - create IPUIPlugin
2023-08-10 13:47:02,591 [INFO] PluginManager:220 - loadIPPluginJar : add i2c
2023-08-10 13:47:02,638 [INFO] IPUIPlugin:80 - create IPUIPlugin
2023-08-10 13:47:02,638 [INFO] PluginManager:220 - loadIPPluginJar : add i2s
2023-08-10 13:47:02,692 [INFO] IPUIPlugin:80 - create IPUIPlugin
2023-08-10 13:47:02,692 [INFO] PluginManager:220 - loadIPPluginJar : add i3c
2023-08-10 13:47:02,826 [INFO] IPUIPlugin:80 - create IPUIPlugin
2023-08-10 13:47:02,826 [INFO] PluginManager:220 - loadIPPluginJar : add ipddr
2023-08-10 13:47:02,954 [INFO] IPUIPlugin:80 - create IPUIPlugin
2023-08-10 13:47:02,954 [INFO] PluginManager:220 - loadIPPluginJar : add linkedlist
2023-08-10 13:47:03,000 [INFO] IPUIPlugin:80 - create IPUIPlugin
2023-08-10 13:47:03,000 [INFO] PluginManager:220 - loadIPPluginJar : add lorawan
2023-08-10 13:47:03,048 [INFO] IPUIPlugin:80 - create IPUIPlugin
2023-08-10 13:47:03,048 [INFO] PluginManager:220 - loadIPPluginJar : add ltdc
2023-08-10 13:47:03,067 [INFO] IPUIPlugin:80 - create IPUIPlugin
2023-08-10 13:47:03,067 [INFO] PluginManager:220 - loadIPPluginJar : add mdma
2023-08-10 13:47:03,082 [INFO] IPUIPlugin:80 - create IPUIPlugin
2023-08-10 13:47:03,082 [INFO] PluginManager:220 - loadIPPluginJar : add nvic
2023-08-10 13:47:03,130 [INFO] IPUIPlugin:80 - create IPUIPlugin
2023-08-10 13:47:03,130 [INFO] PluginManager:220 - loadIPPluginJar : add opamp
2023-08-10 13:47:03,215 [INFO] IPUIPlugin:80 - create IPUIPlugin
2023-08-10 13:47:03,215 [INFO] PluginManager:220 - loadIPPluginJar : add openamp
2023-08-10 13:47:03,272 [INFO] IPUIPlugin:80 - create IPUIPlugin
2023-08-10 13:47:03,273 [INFO] PluginManager:220 - loadIPPluginJar : add pdm2pcm
2023-08-10 13:47:03,292 [INFO] IPUIPlugin:80 - create IPUIPlugin
2023-08-10 13:47:03,296 [INFO] PluginManager:220 - loadIPPluginJar : add plateformsettings
2023-08-10 13:47:03,324 [INFO] IPUIPlugin:80 - create IPUIPlugin
2023-08-10 13:47:03,325 [INFO] PluginManager:220 - loadIPPluginJar : add quadspi
2023-08-10 13:47:03,340 [INFO] IPUIPlugin:80 - create IPUIPlugin
2023-08-10 13:47:03,340 [INFO] PluginManager:220 - loadIPPluginJar : add resmgrutility
2023-08-10 13:47:03,403 [INFO] IPUIPlugin:80 - create IPUIPlugin
2023-08-10 13:47:03,403 [INFO] PluginManager:220 - loadIPPluginJar : add sai
2023-08-10 13:47:03,456 [INFO] IPUIPlugin:80 - create IPUIPlugin
2023-08-10 13:47:03,457 [INFO] PluginManager:220 - loadIPPluginJar : add spi
2023-08-10 13:47:03,541 [INFO] IPUIPlugin:80 - create IPUIPlugin
2023-08-10 13:47:03,541 [INFO] PluginManager:220 - loadIPPluginJar : add stm32_wpan
2023-08-10 13:47:03,574 [INFO] IPUIPlugin:80 - create IPUIPlugin
2023-08-10 13:47:03,574 [INFO] PluginManager:220 - loadIPPluginJar : add tim
2023-08-10 13:47:03,583 [INFO] ThirdPartyUpdaterWithRetryManager:70 - Updater plugin not ready yet. [2/15]
2023-08-10 13:47:03,653 [INFO] IPUIPlugin:80 - create IPUIPlugin
2023-08-10 13:47:03,654 [INFO] PluginManager:220 - loadIPPluginJar : add touchsensing
2023-08-10 13:47:03,683 [INFO] IPUIPlugin:80 - create IPUIPlugin
2023-08-10 13:47:03,684 [INFO] PluginManager:220 - loadIPPluginJar : add tracer_emb
2023-08-10 13:47:03,715 [INFO] IPUIPlugin:80 - create IPUIPlugin
2023-08-10 13:47:03,715 [INFO] PluginManager:220 - loadIPPluginJar : add ts
2023-08-10 13:47:03,747 [INFO] IPUIPlugin:80 - create IPUIPlugin
2023-08-10 13:47:03,747 [INFO] PluginManager:220 - loadIPPluginJar : add tsc
2023-08-10 13:47:03,776 [INFO] IPUIPlugin:80 - create IPUIPlugin
2023-08-10 13:47:03,776 [INFO] PluginManager:220 - loadIPPluginJar : add ucpd
2023-08-10 13:47:03,832 [INFO] IPUIPlugin:80 - create IPUIPlugin
2023-08-10 13:47:03,832 [INFO] PluginManager:220 - loadIPPluginJar : add usart
2023-08-10 13:47:03,882 [INFO] IPUIPlugin:80 - create IPUIPlugin
2023-08-10 13:47:03,882 [INFO] PluginManager:220 - loadIPPluginJar : add usbx
2023-08-10 13:47:04,064 [INFO] CADModel:165 - CPN selected for project level
2023-08-10 13:47:04,064 [INFO] CADModel:114 - Register for checkConnection events
2023-08-10 13:47:04,064 [FATAL] Updater:308 - Updater called before beeing initialized
2023-08-10 13:47:04,064 [ERROR] CADModel:125 - Updater not yet initialized, retry later 
2023-08-10 13:47:04,823 [INFO] CADModel:165 - CPN selected for project level
2023-08-10 13:47:04,824 [INFO] CADModel:114 - Register for checkConnection events
2023-08-10 13:47:04,824 [FATAL] Updater:308 - Updater called before beeing initialized
2023-08-10 13:47:04,824 [ERROR] CADModel:125 - Updater not yet initialized, retry later 
2023-08-10 13:47:04,834 [FATAL] Updater:308 - Updater called before beeing initialized
2023-08-10 13:47:05,244 [FATAL] Updater:308 - Updater called before beeing initialized
2023-08-10 13:47:05,265 [INFO] DbMcusAds:53 - JSON generation date=Tue Mar 07 17:50:55 KST 2023 (1678179055114)
2023-08-10 13:47:05,265 [FATAL] Updater:308 - Updater called before beeing initialized
2023-08-10 13:47:05,359 [WARN] DetailPanel:346 - Failed to get advertising image, set to default
2023-08-10 13:47:05,548 [FATAL] Updater:308 - Updater called before beeing initialized
2023-08-10 13:47:05,550 [FATAL] Updater:308 - Updater called before beeing initialized
2023-08-10 13:47:05,550 [FATAL] Updater:308 - Updater called before beeing initialized
2023-08-10 13:47:05,550 [WARN] DetailPanel:346 - Failed to get advertising image, set to default
2023-08-10 13:47:05,552 [FATAL] Updater:308 - Updater called before beeing initialized
2023-08-10 13:47:05,636 [ERROR] Updater:1120 - MainUpdater not yet initialized. External WinMGr cannot be set.
2023-08-10 13:47:05,651 [INFO] Updater:1056 - Updater Version found : 6.9.1
2023-08-10 13:47:05,762 [INFO] ApplicationProperties:184 - Using Application install path: F:\STM32CubeIDE_1.13.1\STM32CubeIDE\plugins\com.st.stm32cube.common.mx_6.9.1.202307191849
2023-08-10 13:47:06,041 [INFO] MainUpdater:2868 - connection check result : 10
2023-08-10 13:47:06,042 [INFO] MainUpdater:285 - Updater Check For Update Now.
2023-08-10 13:47:06,042 [INFO] MicroXplorer:498 - Change Database Version : DB.6.0.91
2023-08-10 13:47:06,101 [INFO] McuFinderGlobals:63 - Set McuFinder mode to 2 (CubeIDE integrated)
2023-08-10 13:47:06,101 [INFO] UserAuth:179 - activating auth plugin
2023-08-10 13:47:06,108 [INFO] UserAuth:393 - Internet connection configuration mode: 1
2023-08-10 13:47:06,170 [INFO] JxBrowserEngine:151 - Initiate JxBrowser Engine with user profile folder
2023-08-10 13:47:06,437 [INFO] CheckServerUpdateThread:120 - End of CheckServer Thread
2023-08-10 13:47:07,040 [WARN] PackLoader:240 - Cannot read IP mode file for STMicroelectronics.X-CUBE-GNSS1.6.0.0
2023-08-10 13:47:07,126 [WARN] PackLoader:240 - Cannot read IP mode file for STMicroelectronics.X-CUBE-AZRTOS-F4.1.1.0
2023-08-10 13:47:07,167 [WARN] PackLoader:240 - Cannot read IP mode file for STMicroelectronics.X-CUBE-SMBUS.2.1.0
2023-08-10 13:47:07,333 [WARN] PackLoader:240 - Cannot read IP mode file for STMicroelectronics.X-CUBE-MEMS1.9.2.0
2023-08-10 13:47:07,917 [WARN] PackLoader:240 - Cannot read IP mode file for STMicroelectronics.X-CUBE-AZRTOS-F7.1.1.0
2023-08-10 13:47:08,143 [WARN] PackLoader:240 - Cannot read IP mode file for STMicroelectronics.X-CUBE-MEMS1.9.6.0
2023-08-10 13:47:08,737 [WARN] PackLoader:240 - Cannot read IP mode file for STMicroelectronics.FP-SNS-MOTENV1.4.3.2
2023-08-10 13:47:08,762 [WARN] PackLoader:240 - Cannot read IP mode file for STMicroelectronics.X-CUBE-BLE1.6.2.3
2023-08-10 13:47:08,797 [WARN] PackLoader:240 - Cannot read IP mode file for STMicroelectronics.X-CUBE-BLE1.6.2.4
2023-08-10 13:47:08,848 [WARN] PackLoader:240 - Cannot read IP mode file for STMicroelectronics.X-CUBE-BLEMGR.2.0.0
2023-08-10 13:47:08,880 [WARN] PackLoader:240 - Cannot read IP mode file for STMicroelectronics.FP-SNS-FLIGHT1.5.0.2
2023-08-10 13:47:08,913 [WARN] PackLoader:240 - Cannot read IP mode file for STMicroelectronics.X-CUBE-NFC4.2.0.4
2023-08-10 13:47:08,998 [WARN] ConditionMgr:438 - getConditionDescription Invalid condition id : UX DEVICE CLASS RTOS Condition cause : null
2023-08-10 13:47:08,998 [WARN] ConditionMgr:438 - getConditionDescription Invalid condition id : UX DEVICE CLASS RTOS Condition cause : null
2023-08-10 13:47:09,001 [WARN] PackLoader:240 - Cannot read IP mode file for STMicroelectronics.X-CUBE-AZRTOS-H7.3.1.0
2023-08-10 13:47:09,003 [WARN] ConditionMgr:1039 - genDependencies : Invalid condition id : UX DEVICE CLASS RTOS Condition cause : null
2023-08-10 13:47:09,003 [WARN] ConditionMgr:1039 - genDependencies : Invalid condition id : UX DEVICE CLASS RTOS Condition cause : null
2023-08-10 13:47:09,004 [WARN] ConditionMgr:1039 - genDependencies : Invalid condition id : UX DEVICE CLASS RTOS Condition cause : null
2023-08-10 13:47:09,004 [WARN] ConditionMgr:1039 - genDependencies : Invalid condition id : UX DEVICE CLASS RTOS Condition cause : null
2023-08-10 13:47:09,004 [WARN] ConditionMgr:1039 - genDependencies : Invalid condition id : UX DEVICE CLASS RTOS Condition cause : null
2023-08-10 13:47:09,058 [WARN] PackLoader:240 - Cannot read IP mode file for STMicroelectronics.X-CUBE-TOF1.3.1.0
2023-08-10 13:47:09,089 [WARN] PackLoader:240 - Cannot read IP mode file for STMicroelectronics.X-CUBE-DISPLAY.3.0.0
2023-08-10 13:47:09,136 [WARN] PackLoader:240 - Cannot read IP mode file for STMicroelectronics.X-CUBE-AZRTOS-F4.1.0.0
2023-08-10 13:47:09,159 [WARN] PackLoader:240 - Cannot read IP mode file for STMicroelectronics.X-CUBE-TOUCHGFX.4.22.0
2023-08-10 13:47:09,175 [WARN] PackLoader:240 - Cannot read IP mode file for STMicroelectronics.X-CUBE-NFC7.1.0.1
2023-08-10 13:47:09,206 [WARN] PackLoader:240 - Cannot read IP mode file for STMicroelectronics.X-CUBE-NFC7.1.0.0
2023-08-10 13:47:09,227 [WARN] PackLoader:240 - Cannot read IP mode file for STMicroelectronics.X-CUBE-EEPRMA1.4.1.0
2023-08-10 13:47:09,242 [WARN] PackLoader:240 - Cannot read IP mode file for STMicroelectronics.X-CUBE-AI.7.2.0
2023-08-10 13:47:09,273 [INFO] LogOutputStream:77 - [STDOUT_REDIRECT] 1 : Invalid condition id : UX_CORESTACK_Condition cause : null
2023-08-10 13:47:09,274 [INFO] LogOutputStream:77 - [STDOUT_REDIRECT] 1 : Invalid condition id : UX_CORESTACK_Condition cause : null
2023-08-10 13:47:09,276 [INFO] LogOutputStream:77 - [STDOUT_REDIRECT] 1 : Invalid condition id : UX_CORESTACK_Condition cause : null
2023-08-10 13:47:09,281 [INFO] LogOutputStream:77 - [STDOUT_REDIRECT] 1 : Invalid condition id : UX_CORESTACK_Condition cause : null
2023-08-10 13:47:09,283 [INFO] LogOutputStream:77 - [STDOUT_REDIRECT] 1 : Invalid condition id : UX_CORESTACK_Condition cause : null
2023-08-10 13:47:09,286 [WARN] PackLoader:240 - Cannot read IP mode file for STMicroelectronics.X-CUBE-AZRTOS-WL.2.0.0
2023-08-10 13:47:09,339 [WARN] ConditionMgr:438 - getConditionDescription Invalid condition id : LAN8742 Phy interface Condition cause : null
2023-08-10 13:47:09,340 [WARN] PackLoader:240 - Cannot read IP mode file for STMicroelectronics.X-CUBE-AZRTOS-L4.2.0.0
2023-08-10 13:47:09,341 [WARN] ConditionMgr:1039 - genDependencies : Invalid condition id : LAN8742 Phy interface Condition cause : null
2023-08-10 13:47:09,341 [WARN] ConditionMgr:1039 - genDependencies : Invalid condition id : LAN8742 Phy interface Condition cause : null
2023-08-10 13:47:09,345 [WARN] ConditionMgr:1039 - genDependencies : Invalid condition id : LAN8742 Phy interface Condition cause : null
2023-08-10 13:47:09,408 [WARN] PackLoader:240 - Cannot read IP mode file for WES.I-CUBE-Cesium.1.3.0
2023-08-10 13:47:09,436 [WARN] PackLoader:240 - Cannot read IP mode file for STMicroelectronics.X-CUBE-SFXS2LP1.4.0.0
2023-08-10 13:47:09,456 [WARN] PackLoader:240 - Cannot read IP mode file for STMicroelectronics.X-CUBE-BLE2.3.3.0
2023-08-10 13:47:09,479 [WARN] PackLoader:240 - Cannot read IP mode file for STMicroelectronics.X-CUBE-DISPLAY.2.2.0
2023-08-10 13:47:09,506 [WARN] PackLoader:240 - Cannot read IP mode file for STMicroelectronics.X-CUBE-ISPU.1.1.0
2023-08-10 13:47:09,530 [WARN] PackLoader:240 - Cannot read IP mode file for RoweBots.I-CUBE-UNISONRTOS.5.5.0-4
2023-08-10 13:47:09,596 [WARN] PackLoader:240 - Cannot read IP mode file for STMicroelectronics.X-CUBE-AZRTOS-H7.2.1.0
2023-08-10 13:47:09,625 [WARN] PackLoader:240 - Cannot read IP mode file for wolfSSL.I-CUBE-wolfSSL.5.4.0
2023-08-10 13:47:09,672 [WARN] PackLoader:240 - Cannot read IP mode file for STMicroelectronics.X-CUBE-FREERTOS.1.0.1
2023-08-10 13:47:09,708 [WARN] PackLoader:240 - Cannot read IP mode file for STMicroelectronics.X-CUBE-BLEMGR.1.0.0
2023-08-10 13:47:09,771 [WARN] PackLoader:240 - Cannot read IP mode file for STMicroelectronics.X-CUBE-ALGOBUILD.1.3.0
2023-08-10 13:47:09,841 [WARN] PackLoader:240 - Cannot read IP mode file for STMicroelectronics.X-CUBE-AZRTOS-L5.1.1.0
2023-08-10 13:47:09,895 [WARN] PackLoader:240 - Cannot read IP mode file for STMicroelectronics.X-CUBE-AZRTOS-G0.1.1.0
2023-08-10 13:47:09,937 [WARN] PackLoader:240 - Cannot read IP mode file for STMicroelectronics.X-CUBE-AI.8.0.1
2023-08-10 13:47:09,976 [WARN] PackLoader:240 - Cannot read IP mode file for STMicroelectronics.X-CUBE-SUBG2.5.0.0
2023-08-10 13:47:10,186 [WARN] PackLoader:240 - Cannot read IP mode file for STMicroelectronics.X-CUBE-NFC4.3.0.0
2023-08-10 13:47:10,341 [WARN] PackLoader:240 - Cannot read IP mode file for SEGGER.I-CUBE-embOS.1.2.0
2023-08-10 13:47:10,729 [WARN] PackLoader:240 - Cannot read IP mode file for STMicroelectronics.X-CUBE-TOF1.3.3.1
2023-08-10 13:47:11,159 [WARN] PackLoader:240 - Cannot read IP mode file for STMicroelectronics.X-CUBE-AZRTOS-G4.2.0.0
2023-08-10 13:47:11,311 [WARN] PackLoader:240 - Cannot read IP mode file for STMicroelectronics.FP-ATR-ASTRA1.1.1.0
2023-08-10 13:47:11,423 [WARN] PackLoader:240 - Cannot read IP mode file for STMicroelectronics.X-CUBE-AZRTOS-G4.1.0.0
2023-08-10 13:47:11,777 [WARN] PackLoader:240 - Cannot read IP mode file for STMicroelectronics.FP-ATR-SIGFOX1.3.2.0
2023-08-10 13:47:11,841 [WARN] PackLoader:240 - Cannot read IP mode file for STMicroelectronics.X-CUBE-AZRTOS-L4.1.0.0
2023-08-10 13:47:11,911 [WARN] PackLoader:240 - Cannot read IP mode file for emotas.I-CUBE-CANOPEN.1.1.2
2023-08-10 13:47:11,924 [WARN] PackLoader:240 - Cannot read IP mode file for STMicroelectronics.X-CUBE-TOUCHGFX.4.20.0
2023-08-10 13:47:12,134 [WARN] PackLoader:240 - Cannot read IP mode file for STMicroelectronics.X-CUBE-AZRTOS-WL.1.0.0
2023-08-10 13:47:12,243 [WARN] PackLoader:240 - Cannot read IP mode file for portGmbH.I-Cube-SoM-uGOAL.1.1.0
2023-08-10 13:47:12,256 [WARN] PackLoader:240 - Cannot read IP mode file for STMicroelectronics.X-CUBE-ALS.1.0.1
2023-08-10 13:47:12,300 [WARN] PackLoader:240 - Cannot read IP mode file for STMicroelectronics.X-CUBE-AZRTOS-WB.1.1.0
2023-08-10 13:47:12,399 [WARN] PackLoader:240 - Cannot read IP mode file for SEGGER.I-CUBE-embOS.1.3.1
2023-08-10 13:47:12,548 [WARN] PackLoader:240 - Cannot read IP mode file for STMicroelectronics.X-CUBE-AZRTOS-L5.1.0.0
2023-08-10 13:47:12,563 [WARN] PackLoader:240 - Cannot read IP mode file for STMicroelectronics.X-CUBE-EEPRMA1.3.1.1
2023-08-10 13:47:12,684 [WARN] PackLoader:240 - Cannot read IP mode file for STMicroelectronics.FP-ATR-ASTRA1.2.0.0
2023-08-10 13:47:12,685 [INFO] ThirdParty:978 - Integrity check success = true
2023-08-10 13:47:12,685 [INFO] IntegrityCheckThread:100 - exiting critical section [integrity check]
2023-08-10 13:47:12,686 [INFO] IntegrityCheckThread:103 - End integrity checks thread
2023-08-10 13:47:14,479 [INFO] WebApp:157 - Instantiating new browser for Auth
2023-08-10 13:47:15,856 [INFO] WebApp:753 - Register for checkConnection events
2023-08-10 13:47:15,856 [INFO] WebApp:390 - Apply proxy settings
2023-08-10 13:47:15,857 [INFO] WebApp:475 - Chromium requires no authentication
2023-08-10 13:47:15,869 [INFO] WebApp:418 - Direct internet connection detected
2023-08-10 13:47:16,137 [INFO] WebApp:188 - Starting web application
2023-08-10 13:47:16,137 [INFO] WebApp:520 - Web application path used F:\STM32CubeIDE_1.13.1\STM32CubeIDE\plugins\com.st.stm32cube.common.mx_6.9.1.202307191849\db\plugins\mcufinder\reactClient1\index.html
2023-08-10 13:47:38,345 [ERROR] LogOutputStream:75 - [STDERR_REDIRECT] SLF4J: Failed to load class "org.slf4j.impl.StaticLoggerBinder".
2023-08-10 13:47:38,346 [ERROR] LogOutputStream:75 - [STDERR_REDIRECT] SLF4J: Defaulting to no-operation (NOP) logger implementation
2023-08-10 13:47:38,349 [ERROR] LogOutputStream:75 - [STDERR_REDIRECT] SLF4J: See http://www.slf4j.org/codes.html#StaticLoggerBinder for further details.
2023-08-10 21:08:14,357 [ERROR] LogOutputStream:75 - [STDERR_REDIRECT] 
