2023-08-13 07:45:05,904 [INFO] Activator:176 - 


2023-08-13 07:45:05,914 [INFO] Activator:177 - !SESSION log4j initialized
2023-08-13 07:45:13,749 [INFO] LogOutputStream:77 - [STDOUT_REDIRECT] 
2023-08-13 07:45:22,387 [INFO] ApplicationProperties:184 - Using Application install path: F:\STM32CubeIDE_1.13.1\STM32CubeIDE\plugins\com.st.stm32cube.common.mx_6.9.1.202307191849
2023-08-13 07:45:22,408 [INFO] DbMcusXml:78 - Set database path to: F:\STM32CubeIDE_1.13.1\STM32CubeIDE\plugins\com.st.stm32cube.common.mx_6.9.1.202307191849\\db\/mcu/
2023-08-13 07:45:22,409 [INFO] ApiDb:274 - Set plugin database path to: F:\STM32CubeIDE_1.13.1\STM32CubeIDE\plugins\com.st.stm32cube.common.mx_6.9.1.202307191849\\db\/plugins/boardmanager/
2023-08-13 07:45:22,410 [WARN] ApiDb:259 - Overriding images path with different value:  => F:\STM32CubeIDE_1.13.1\STM32CubeIDE\plugins\com.st.stm32cube.common.mx_6.9.1.202307191849\\db\/plugins/mcufinder/images/
2023-08-13 07:45:22,425 [INFO] ApiDb:250 - Set database path to: C:\Users\fishc\.stmcufinder\plugins\mcufinder//mcu/
2023-08-13 07:45:22,426 [INFO] DbMcusAds:125 - Set database path to: C:\Users\fishc\.stmcufinder\plugins\mcufinder//mcu/
2023-08-13 07:45:22,428 [INFO] CrossReferenceDbSqlite:203 - Set database path to: C:\Users\fishc\.stmcufinder\plugins\mcufinder//mcu/cs/
2023-08-13 07:45:22,566 [INFO] RulesReader:64 - Compatibility file has been processed (293 Rules)
2023-08-13 07:45:22,723 [INFO] DbMcusXml:78 - Set database path to: F:\STM32CubeIDE_1.13.1\STM32CubeIDE\plugins\com.st.stm32cube.common.mx_6.9.1.202307191849\\db\/mcu/
2023-08-13 07:45:22,724 [INFO] ApiDb:274 - Set plugin database path to: F:\STM32CubeIDE_1.13.1\STM32CubeIDE\plugins\com.st.stm32cube.common.mx_6.9.1.202307191849\\db\/plugins/boardmanager/
2023-08-13 07:45:22,724 [INFO] ApiDb:261 - Set plugin images path to: F:\STM32CubeIDE_1.13.1\STM32CubeIDE\plugins\com.st.stm32cube.common.mx_6.9.1.202307191849\\db\/plugins/mcufinder/images/
2023-08-13 07:45:22,725 [WARN] DbFile:41 - Overriding database path with different value: C:\Users\fishc\.stmcufinder\plugins\mcufinder/ => C:\Users\fishc\.stmcufinder\plugins\mcufinder
2023-08-13 07:45:22,725 [INFO] ApiDb:250 - Set database path to: C:\Users\fishc\.stmcufinder\plugins\mcufinder//mcu/
2023-08-13 07:45:22,725 [WARN] DbFile:41 - Overriding database path with different value: C:\Users\fishc\.stmcufinder\plugins\mcufinder/ => C:\Users\fishc\.stmcufinder\plugins\mcufinder
2023-08-13 07:45:22,725 [INFO] DbMcusAds:125 - Set database path to: C:\Users\fishc\.stmcufinder\plugins\mcufinder//mcu/
2023-08-13 07:45:22,725 [WARN] DbFile:41 - Overriding database path with different value: C:\Users\fishc\.stmcufinder\plugins\mcufinder/ => C:\Users\fishc\.stmcufinder\plugins\mcufinder
2023-08-13 07:45:22,726 [WARN] DbFile:41 - Overriding database path with different value: C:\Users\fishc\.stmcufinder\plugins\mcufinder/ => C:\Users\fishc\.stmcufinder\plugins\mcufinder
2023-08-13 07:45:22,726 [INFO] CrossReferenceDbSqlite:203 - Set database path to: C:\Users\fishc\.stmcufinder\plugins\mcufinder//mcu/cs/
2023-08-13 07:45:22,855 [INFO] MainPanel:262 - HeapMemory: 268435456
2023-08-13 07:45:22,973 [INFO] DbMcusXml:78 - Set database path to: F:\STM32CubeIDE_1.13.1\STM32CubeIDE\plugins\com.st.stm32cube.common.mx_6.9.1.202307191849\\db\/mcu/
2023-08-13 07:45:22,974 [INFO] ApiDb:274 - Set plugin database path to: F:\STM32CubeIDE_1.13.1\STM32CubeIDE\plugins\com.st.stm32cube.common.mx_6.9.1.202307191849\\db\/plugins/boardmanager/
2023-08-13 07:45:22,974 [INFO] ApiDb:261 - Set plugin images path to: F:\STM32CubeIDE_1.13.1\STM32CubeIDE\plugins\com.st.stm32cube.common.mx_6.9.1.202307191849\\db\/plugins/mcufinder/images/
2023-08-13 07:45:22,974 [WARN] DbFile:41 - Overriding database path with different value: C:\Users\fishc\.stmcufinder\plugins\mcufinder/ => C:\Users\fishc\.stmcufinder\plugins\mcufinder
2023-08-13 07:45:22,974 [INFO] ApiDb:250 - Set database path to: C:\Users\fishc\.stmcufinder\plugins\mcufinder//mcu/
2023-08-13 07:45:22,975 [WARN] DbFile:41 - Overriding database path with different value: C:\Users\fishc\.stmcufinder\plugins\mcufinder/ => C:\Users\fishc\.stmcufinder\plugins\mcufinder
2023-08-13 07:45:22,975 [INFO] DbMcusAds:125 - Set database path to: C:\Users\fishc\.stmcufinder\plugins\mcufinder//mcu/
2023-08-13 07:45:22,975 [WARN] DbFile:41 - Overriding database path with different value: C:\Users\fishc\.stmcufinder\plugins\mcufinder/ => C:\Users\fishc\.stmcufinder\plugins\mcufinder
2023-08-13 07:45:22,975 [WARN] DbFile:41 - Overriding database path with different value: C:\Users\fishc\.stmcufinder\plugins\mcufinder/ => C:\Users\fishc\.stmcufinder\plugins\mcufinder
2023-08-13 07:45:22,975 [INFO] CrossReferenceDbSqlite:203 - Set database path to: C:\Users\fishc\.stmcufinder\plugins\mcufinder//mcu/cs/
2023-08-13 07:45:22,999 [INFO] ApplicationProperties:184 - Using Application install path: F:\STM32CubeIDE_1.13.1\STM32CubeIDE\plugins\com.st.stm32cube.common.mx_6.9.1.202307191849
2023-08-13 07:45:23,001 [INFO] PluginManage:196 - Search for loadable plugins [exclusion list=, ]
2023-08-13 07:45:23,003 [INFO] PluginManage:310 - Check plugin analytics
2023-08-13 07:45:27,869 [INFO] AnalyticsPlugin:253 - Accepted Software Licenses: 
2023-08-13 07:45:27,870 [INFO] AnalyticsPlugin:255 - Accepted CMSIS Pack Licenses: 
2023-08-13 07:45:27,871 [INFO] AnalyticsPlugin:257 - Accepted Firmware Licenses: FW.G4.1.5.0
2023-08-13 07:45:27,874 [INFO] PluginManage:359 - Loaded plugin analytics (category:tool,tabindex:-1)
2023-08-13 07:45:27,874 [INFO] PluginManage:310 - Check plugin cadmodel
2023-08-13 07:45:27,915 [INFO] CADModel:105 - Init CAD model plugin
2023-08-13 07:45:27,915 [INFO] PluginManage:359 - Loaded plugin cadmodel (category:power,tabindex:5)
2023-08-13 07:45:27,916 [INFO] PluginManage:310 - Check plugin clock
2023-08-13 07:45:27,942 [INFO] PluginManage:359 - Loaded plugin clock (category:base,tabindex:2)
2023-08-13 07:45:27,942 [INFO] PluginManage:310 - Check plugin ddr
2023-08-13 07:45:27,946 [INFO] PluginManage:359 - Loaded plugin ddr (category:tool,tabindex:6)
2023-08-13 07:45:27,946 [INFO] PluginManage:310 - Check plugin filemanager
2023-08-13 07:45:28,127 [INFO] PluginManage:359 - Loaded plugin filemanager (category:base,tabindex:10)
2023-08-13 07:45:28,127 [INFO] PluginManage:310 - Check plugin ipmanager
2023-08-13 07:45:28,139 [INFO] PluginManage:359 - Loaded plugin ipmanager (category:base,tabindex:5)
2023-08-13 07:45:28,140 [INFO] PluginManage:310 - Check plugin lpbam
2023-08-13 07:45:28,162 [INFO] PluginManage:359 - Loaded plugin lpbam (category:base,tabindex:0)
2023-08-13 07:45:28,163 [INFO] PluginManage:310 - Check plugin memorymap
2023-08-13 07:45:28,195 [INFO] PluginManage:359 - Loaded plugin memorymap (category:base,tabindex:4)
2023-08-13 07:45:28,195 [INFO] PluginManage:310 - Check plugin pinoutandconfiguration
2023-08-13 07:45:28,218 [INFO] PluginManage:359 - Loaded plugin pinoutandconfiguration (category:base,tabindex:1)
2023-08-13 07:45:28,218 [INFO] PluginManage:310 - Check plugin pinoutconfig
2023-08-13 07:45:28,371 [WARN] SupportedApi:132 - Cannot load RTOS API schema: s4s-elt-must-match.1: The content of 'definitions' must match (annotation?, (simpleType | complexType)?, (unique | key | keyref)*)). A problem was found starting at: attribute.
2023-08-13 07:45:28,583 [INFO] PluginManage:359 - Loaded plugin pinoutconfig (category:base,tabindex:0)
2023-08-13 07:45:28,583 [INFO] PluginManage:310 - Check plugin power
2023-08-13 07:45:28,615 [INFO] PluginManage:359 - Loaded plugin power (category:power,tabindex:4)
2023-08-13 07:45:28,615 [INFO] PluginManage:310 - Check plugin projectmanager
2023-08-13 07:45:28,659 [INFO] PluginManage:359 - Loaded plugin projectmanager (category:projectmanager,tabindex:3)
2023-08-13 07:45:28,660 [INFO] PluginManage:310 - Check plugin thirdparty
2023-08-13 07:45:29,175 [INFO] PluginManage:359 - Loaded plugin thirdparty (category:base,tabindex:-1)
2023-08-13 07:45:29,175 [WARN] IntegrityCheckThread:84 - waiting for thirdparty lock release [integrity check]
2023-08-13 07:45:29,176 [INFO] PluginManage:310 - Check plugin tools
2023-08-13 07:45:29,176 [INFO] IntegrityCheckThread:86 - entering critical section [integrity check]
2023-08-13 07:45:29,176 [INFO] ThirdPartyUpdaterWithRetryManager:70 - Updater plugin not ready yet. [1/15]
2023-08-13 07:45:29,220 [INFO] PluginManage:359 - Loaded plugin tools (category:base,tabindex:7)
2023-08-13 07:45:29,220 [INFO] PluginManage:310 - Check plugin tutovideos
2023-08-13 07:45:29,580 [INFO] PluginManage:359 - Loaded plugin tutovideos (category:base,tabindex:-1)
2023-08-13 07:45:29,581 [INFO] PluginManage:310 - Check plugin updater
2023-08-13 07:45:29,602 [INFO] PluginManage:359 - Loaded plugin updater (category:base,tabindex:12)
2023-08-13 07:45:29,603 [INFO] PluginManage:310 - Check plugin userauth
2023-08-13 07:45:29,609 [INFO] UserAuth:113 - Init User Auth plugin
2023-08-13 07:45:29,609 [INFO] PluginManage:359 - Loaded plugin userauth (category:base,tabindex:14)
2023-08-13 07:45:29,610 [INFO] PluginManage:283 - PluginManage : Loaded plugins [17]
2023-08-13 07:45:29,956 [INFO] PinOutPanel:1499 - setPackage(No Configuration,No Configuration)
2023-08-13 07:45:30,177 [INFO] CADModel:165 - CPN selected for project level
2023-08-13 07:45:30,177 [INFO] CADModel:114 - Register for checkConnection events
2023-08-13 07:45:30,219 [INFO] IPUIPlugin:80 - create IPUIPlugin
2023-08-13 07:45:30,220 [INFO] PluginManager:220 - loadIPPluginJar : add adc
2023-08-13 07:45:30,266 [INFO] IPUIPlugin:80 - create IPUIPlugin
2023-08-13 07:45:30,266 [INFO] PluginManager:220 - loadIPPluginJar : add aes
2023-08-13 07:45:30,318 [INFO] IPUIPlugin:80 - create IPUIPlugin
2023-08-13 07:45:30,318 [INFO] PluginManager:220 - loadIPPluginJar : add can
2023-08-13 07:45:30,346 [INFO] IPUIPlugin:80 - create IPUIPlugin
2023-08-13 07:45:30,346 [INFO] PluginManager:220 - loadIPPluginJar : add comp
2023-08-13 07:45:30,424 [INFO] IPUIPlugin:80 - create IPUIPlugin
2023-08-13 07:45:30,425 [INFO] PluginManager:220 - loadIPPluginJar : add cryp
2023-08-13 07:45:30,484 [INFO] IPUIPlugin:80 - create IPUIPlugin
2023-08-13 07:45:30,484 [INFO] PluginManager:220 - loadIPPluginJar : add dfsdm
2023-08-13 07:45:30,503 [INFO] IPUIPlugin:80 - create IPUIPlugin
2023-08-13 07:45:30,504 [INFO] PluginManager:220 - loadIPPluginJar : add dma
2023-08-13 07:45:30,559 [INFO] IPUIPlugin:80 - create IPUIPlugin
2023-08-13 07:45:30,559 [INFO] PluginManager:220 - loadIPPluginJar : add dma3
2023-08-13 07:45:30,585 [INFO] IPUIPlugin:80 - create IPUIPlugin
2023-08-13 07:45:30,585 [INFO] PluginManager:220 - loadIPPluginJar : add fatfs
2023-08-13 07:45:30,651 [INFO] IPUIPlugin:80 - create IPUIPlugin
2023-08-13 07:45:30,651 [INFO] PluginManager:220 - loadIPPluginJar : add fmc
2023-08-13 07:45:30,674 [INFO] IPUIPlugin:80 - create IPUIPlugin
2023-08-13 07:45:30,674 [INFO] PluginManager:220 - loadIPPluginJar : add freertos
2023-08-13 07:45:30,704 [INFO] IPUIPlugin:80 - create IPUIPlugin
2023-08-13 07:45:30,704 [INFO] PluginManager:220 - loadIPPluginJar : add genericplugin
2023-08-13 07:45:30,835 [INFO] IPUIPlugin:80 - create IPUIPlugin
2023-08-13 07:45:30,835 [INFO] PluginManager:220 - loadIPPluginJar : add gfxmmu
2023-08-13 07:45:31,002 [INFO] IPUIPlugin:80 - create IPUIPlugin
2023-08-13 07:45:31,002 [INFO] PluginManager:220 - loadIPPluginJar : add gic
2023-08-13 07:45:31,017 [INFO] IPUIPlugin:80 - create IPUIPlugin
2023-08-13 07:45:31,017 [INFO] PluginManager:220 - loadIPPluginJar : add gpio
2023-08-13 07:45:31,121 [INFO] IPUIPlugin:80 - create IPUIPlugin
2023-08-13 07:45:31,122 [INFO] PluginManager:220 - loadIPPluginJar : add gtzc
2023-08-13 07:45:31,158 [INFO] IPUIPlugin:80 - create IPUIPlugin
2023-08-13 07:45:31,158 [INFO] PluginManager:220 - loadIPPluginJar : add hash
2023-08-13 07:45:31,217 [INFO] IPUIPlugin:80 - create IPUIPlugin
2023-08-13 07:45:31,217 [INFO] PluginManager:220 - loadIPPluginJar : add i2c
2023-08-13 07:45:31,261 [INFO] IPUIPlugin:80 - create IPUIPlugin
2023-08-13 07:45:31,261 [INFO] PluginManager:220 - loadIPPluginJar : add i2s
2023-08-13 07:45:31,307 [INFO] IPUIPlugin:80 - create IPUIPlugin
2023-08-13 07:45:31,307 [INFO] PluginManager:220 - loadIPPluginJar : add i3c
2023-08-13 07:45:31,422 [INFO] IPUIPlugin:80 - create IPUIPlugin
2023-08-13 07:45:31,422 [INFO] PluginManager:220 - loadIPPluginJar : add ipddr
2023-08-13 07:45:31,530 [INFO] IPUIPlugin:80 - create IPUIPlugin
2023-08-13 07:45:31,530 [INFO] PluginManager:220 - loadIPPluginJar : add linkedlist
2023-08-13 07:45:31,572 [INFO] IPUIPlugin:80 - create IPUIPlugin
2023-08-13 07:45:31,573 [INFO] PluginManager:220 - loadIPPluginJar : add lorawan
2023-08-13 07:45:31,616 [INFO] IPUIPlugin:80 - create IPUIPlugin
2023-08-13 07:45:31,616 [INFO] PluginManager:220 - loadIPPluginJar : add ltdc
2023-08-13 07:45:31,634 [INFO] IPUIPlugin:80 - create IPUIPlugin
2023-08-13 07:45:31,634 [INFO] PluginManager:220 - loadIPPluginJar : add mdma
2023-08-13 07:45:31,648 [INFO] IPUIPlugin:80 - create IPUIPlugin
2023-08-13 07:45:31,648 [INFO] PluginManager:220 - loadIPPluginJar : add nvic
2023-08-13 07:45:31,691 [INFO] IPUIPlugin:80 - create IPUIPlugin
2023-08-13 07:45:31,691 [INFO] PluginManager:220 - loadIPPluginJar : add opamp
2023-08-13 07:45:31,760 [INFO] IPUIPlugin:80 - create IPUIPlugin
2023-08-13 07:45:31,760 [INFO] PluginManager:220 - loadIPPluginJar : add openamp
2023-08-13 07:45:31,807 [INFO] IPUIPlugin:80 - create IPUIPlugin
2023-08-13 07:45:31,807 [INFO] PluginManager:220 - loadIPPluginJar : add pdm2pcm
2023-08-13 07:45:31,823 [INFO] IPUIPlugin:80 - create IPUIPlugin
2023-08-13 07:45:31,825 [INFO] PluginManager:220 - loadIPPluginJar : add plateformsettings
2023-08-13 07:45:31,850 [INFO] IPUIPlugin:80 - create IPUIPlugin
2023-08-13 07:45:31,851 [INFO] PluginManager:220 - loadIPPluginJar : add quadspi
2023-08-13 07:45:31,864 [INFO] IPUIPlugin:80 - create IPUIPlugin
2023-08-13 07:45:31,865 [INFO] PluginManager:220 - loadIPPluginJar : add resmgrutility
2023-08-13 07:45:31,920 [INFO] IPUIPlugin:80 - create IPUIPlugin
2023-08-13 07:45:31,920 [INFO] PluginManager:220 - loadIPPluginJar : add sai
2023-08-13 07:45:31,966 [INFO] IPUIPlugin:80 - create IPUIPlugin
2023-08-13 07:45:31,966 [INFO] PluginManager:220 - loadIPPluginJar : add spi
2023-08-13 07:45:32,066 [INFO] IPUIPlugin:80 - create IPUIPlugin
2023-08-13 07:45:32,066 [INFO] PluginManager:220 - loadIPPluginJar : add stm32_wpan
2023-08-13 07:45:32,094 [INFO] IPUIPlugin:80 - create IPUIPlugin
2023-08-13 07:45:32,094 [INFO] PluginManager:220 - loadIPPluginJar : add tim
2023-08-13 07:45:32,168 [INFO] IPUIPlugin:80 - create IPUIPlugin
2023-08-13 07:45:32,168 [INFO] PluginManager:220 - loadIPPluginJar : add touchsensing
2023-08-13 07:45:32,179 [INFO] ThirdPartyUpdaterWithRetryManager:70 - Updater plugin not ready yet. [2/15]
2023-08-13 07:45:32,199 [INFO] IPUIPlugin:80 - create IPUIPlugin
2023-08-13 07:45:32,199 [INFO] PluginManager:220 - loadIPPluginJar : add tracer_emb
2023-08-13 07:45:32,228 [INFO] IPUIPlugin:80 - create IPUIPlugin
2023-08-13 07:45:32,228 [INFO] PluginManager:220 - loadIPPluginJar : add ts
2023-08-13 07:45:32,258 [INFO] IPUIPlugin:80 - create IPUIPlugin
2023-08-13 07:45:32,258 [INFO] PluginManager:220 - loadIPPluginJar : add tsc
2023-08-13 07:45:32,288 [INFO] IPUIPlugin:80 - create IPUIPlugin
2023-08-13 07:45:32,288 [INFO] PluginManager:220 - loadIPPluginJar : add ucpd
2023-08-13 07:45:32,344 [INFO] IPUIPlugin:80 - create IPUIPlugin
2023-08-13 07:45:32,344 [INFO] PluginManager:220 - loadIPPluginJar : add usart
2023-08-13 07:45:32,396 [INFO] IPUIPlugin:80 - create IPUIPlugin
2023-08-13 07:45:32,397 [INFO] PluginManager:220 - loadIPPluginJar : add usbx
2023-08-13 07:45:32,555 [INFO] CADModel:165 - CPN selected for project level
2023-08-13 07:45:32,555 [INFO] CADModel:114 - Register for checkConnection events
2023-08-13 07:45:32,555 [FATAL] Updater:308 - Updater called before beeing initialized
2023-08-13 07:45:32,555 [ERROR] CADModel:125 - Updater not yet initialized, retry later 
2023-08-13 07:45:32,718 [INFO] CADModel:165 - CPN selected for project level
2023-08-13 07:45:32,718 [INFO] CADModel:114 - Register for checkConnection events
2023-08-13 07:45:32,718 [FATAL] Updater:308 - Updater called before beeing initialized
2023-08-13 07:45:32,718 [ERROR] CADModel:125 - Updater not yet initialized, retry later 
2023-08-13 07:45:32,722 [FATAL] Updater:308 - Updater called before beeing initialized
2023-08-13 07:45:32,870 [FATAL] Updater:308 - Updater called before beeing initialized
2023-08-13 07:45:32,882 [INFO] DbMcusAds:53 - JSON generation date=Tue Mar 07 17:50:55 KST 2023 (1678179055114)
2023-08-13 07:45:32,882 [FATAL] Updater:308 - Updater called before beeing initialized
2023-08-13 07:45:32,966 [WARN] DetailPanel:346 - Failed to get advertising image, set to default
2023-08-13 07:45:33,141 [FATAL] Updater:308 - Updater called before beeing initialized
2023-08-13 07:45:33,143 [FATAL] Updater:308 - Updater called before beeing initialized
2023-08-13 07:45:33,143 [FATAL] Updater:308 - Updater called before beeing initialized
2023-08-13 07:45:33,143 [WARN] DetailPanel:346 - Failed to get advertising image, set to default
2023-08-13 07:45:33,144 [FATAL] Updater:308 - Updater called before beeing initialized
2023-08-13 07:45:33,212 [ERROR] Updater:1120 - MainUpdater not yet initialized. External WinMGr cannot be set.
2023-08-13 07:45:33,224 [INFO] Updater:1056 - Updater Version found : 6.9.1
2023-08-13 07:45:33,245 [INFO] ApplicationProperties:184 - Using Application install path: F:\STM32CubeIDE_1.13.1\STM32CubeIDE\plugins\com.st.stm32cube.common.mx_6.9.1.202307191849
2023-08-13 07:45:33,407 [INFO] MainUpdater:2868 - connection check result : 10
2023-08-13 07:45:33,407 [INFO] MainUpdater:3562 - Updater definition file requires update
2023-08-13 07:45:33,412 [INFO] MainUpdater:285 - Updater Check For Update Now.
2023-08-13 07:45:33,412 [INFO] MicroXplorer:498 - Change Database Version : DB.6.0.91
2023-08-13 07:45:33,432 [INFO] McuFinderGlobals:63 - Set McuFinder mode to 2 (CubeIDE integrated)
2023-08-13 07:45:33,432 [INFO] UserAuth:179 - activating auth plugin
2023-08-13 07:45:33,436 [INFO] UserAuth:393 - Internet connection configuration mode: 1
2023-08-13 07:45:33,463 [INFO] ServerAccessManage:473 - Download File updaters.zip
2023-08-13 07:45:33,463 [INFO] JxBrowserEngine:151 - Initiate JxBrowser Engine with user profile folder
2023-08-13 07:45:33,616 [INFO] FileExtend:240 - Unzip File : updaters.zip
2023-08-13 07:45:33,616 [INFO] FileExtend:255 - Standard Zip Deflate
2023-08-13 07:45:34,278 [INFO] ServerAccessManage:473 - Download File PacksControlFlags.xml
2023-08-13 07:45:34,417 [INFO] ServerAccessManage:473 - Download File cubemx.pidx
2023-08-13 07:45:35,075 [INFO] ServerAccessManage:473 - Download File STMicroelectronics.X-CUBE-AI.pdsc
2023-08-13 07:45:35,181 [WARN] MainUpdater:1189 - Updater busy. Cannot search thirdparties
2023-08-13 07:45:35,181 [INFO] ThirdPartyUpdaterWithRetryManager:96 - Updater plugin is busy. [1/15]
2023-08-13 07:45:35,794 [INFO] ServerAccessManage:473 - Download File STMicroelectronics.X-CUBE-BLE1.pdsc
2023-08-13 07:45:36,926 [ERROR] ServerAccessManage:1089 - Problem, file not found on Server
2023-08-13 07:45:38,182 [WARN] MainUpdater:1189 - Updater busy. Cannot search thirdparties
2023-08-13 07:45:38,182 [INFO] ThirdPartyUpdaterWithRetryManager:96 - Updater plugin is busy. [2/15]
2023-08-13 07:45:38,311 [INFO] ServerAccessManage:473 - Download File STMicroelectronics.X-CUBE-AZRTOS-L5.pdsc
2023-08-13 07:45:38,365 [INFO] WebApp:157 - Instantiating new browser for Auth
2023-08-13 07:45:38,924 [INFO] ServerAccessManage:473 - Download File STMicroelectronics.X-CUBE-AZRTOS-WB.pdsc
2023-08-13 07:45:39,575 [WARN] PackLoader:240 - Cannot read IP mode file for STMicroelectronics.X-CUBE-AI.8.1.0
2023-08-13 07:45:39,586 [WARN] PackLoader:240 - Cannot read IP mode file for STMicroelectronics.X-CUBE-BLE1.7.0.0
2023-08-13 07:45:39,617 [WARN] PackLoader:240 - Cannot read IP mode file for STMicroelectronics.X-CUBE-AZRTOS-L5.2.0.0
2023-08-13 07:45:39,643 [WARN] ConditionMgr:438 - getConditionDescription Invalid condition id : UX DEVICE CLASS RTOS Condition cause : null
2023-08-13 07:45:39,643 [WARN] ConditionMgr:438 - getConditionDescription Invalid condition id : UX DEVICE CLASS RTOS Condition cause : null
2023-08-13 07:45:39,647 [WARN] PackLoader:240 - Cannot read IP mode file for STMicroelectronics.X-CUBE-AZRTOS-WB.2.0.0
2023-08-13 07:45:39,648 [WARN] ConditionMgr:1039 - genDependencies : Invalid condition id : UX DEVICE CLASS RTOS Condition cause : null
2023-08-13 07:45:39,648 [WARN] ConditionMgr:1039 - genDependencies : Invalid condition id : UX DEVICE CLASS RTOS Condition cause : null
2023-08-13 07:45:39,648 [WARN] ConditionMgr:1039 - genDependencies : Invalid condition id : UX DEVICE CLASS RTOS Condition cause : null
2023-08-13 07:45:39,649 [WARN] ConditionMgr:1039 - genDependencies : Invalid condition id : UX DEVICE CLASS RTOS Condition cause : null
2023-08-13 07:45:39,649 [WARN] ConditionMgr:1039 - genDependencies : Invalid condition id : UX DEVICE CLASS RTOS Condition cause : null
2023-08-13 07:45:39,650 [INFO] PopulateThirdPartyThread:66 - Ending populate Thread
2023-08-13 07:45:39,652 [INFO] ThirdParty:1030 - CMSIS Pack Vendor :STMicroelectronics X-CUBE-AZRTOS-WB 2.0.0
2023-08-13 07:45:39,652 [INFO] ThirdParty:1030 - CMSIS Pack Vendor :STMicroelectronics X-CUBE-BLE1 7.0.0
2023-08-13 07:45:39,652 [INFO] ThirdParty:1030 - CMSIS Pack Vendor :STMicroelectronics X-CUBE-AZRTOS-L5 2.0.0
2023-08-13 07:45:39,652 [INFO] ThirdParty:1030 - CMSIS Pack Vendor :STMicroelectronics X-CUBE-AI 8.1.0
2023-08-13 07:45:39,652 [INFO] LoadServerUpdatesThread:373 - End of LoadServerUpdate Thread
2023-08-13 07:45:39,853 [INFO] WebApp:753 - Register for checkConnection events
2023-08-13 07:45:39,853 [INFO] WebApp:390 - Apply proxy settings
2023-08-13 07:45:39,854 [INFO] WebApp:475 - Chromium requires no authentication
2023-08-13 07:45:39,854 [INFO] CheckServerUpdateThread:120 - End of CheckServer Thread
2023-08-13 07:45:39,873 [INFO] WebApp:418 - Direct internet connection detected
2023-08-13 07:45:40,232 [INFO] WebApp:188 - Starting web application
2023-08-13 07:45:40,232 [INFO] WebApp:520 - Web application path used F:\STM32CubeIDE_1.13.1\STM32CubeIDE\plugins\com.st.stm32cube.common.mx_6.9.1.202307191849\db\plugins\mcufinder\reactClient1\index.html
2023-08-13 07:45:41,521 [WARN] PackLoader:240 - Cannot read IP mode file for STMicroelectronics.X-CUBE-SMBUS.2.1.0
2023-08-13 07:45:41,615 [WARN] PackLoader:240 - Cannot read IP mode file for STMicroelectronics.X-CUBE-MEMS1.9.2.0
2023-08-13 07:45:41,885 [WARN] PackLoader:240 - Cannot read IP mode file for STMicroelectronics.X-CUBE-AZRTOS-F7.1.1.0
2023-08-13 07:45:41,907 [WARN] PackLoader:240 - Cannot read IP mode file for STMicroelectronics.FP-SNS-MOTENV1.4.3.2
2023-08-13 07:45:41,928 [WARN] PackLoader:240 - Cannot read IP mode file for STMicroelectronics.X-CUBE-BLE1.6.2.3
2023-08-13 07:45:41,942 [WARN] PackLoader:240 - Cannot read IP mode file for STMicroelectronics.X-CUBE-BLE1.6.2.4
2023-08-13 07:45:41,961 [WARN] PackLoader:240 - Cannot read IP mode file for STMicroelectronics.FP-SNS-FLIGHT1.5.0.2
2023-08-13 07:45:41,985 [WARN] PackLoader:240 - Cannot read IP mode file for STMicroelectronics.X-CUBE-TOF1.3.1.0
2023-08-13 07:45:42,012 [WARN] PackLoader:240 - Cannot read IP mode file for STMicroelectronics.X-CUBE-DISPLAY.3.0.0
2023-08-13 07:45:42,021 [WARN] PackLoader:240 - Cannot read IP mode file for STMicroelectronics.X-CUBE-BLE1.7.0.0
2023-08-13 07:45:42,070 [WARN] PackLoader:240 - Cannot read IP mode file for STMicroelectronics.X-CUBE-TOUCHGFX.4.22.0
2023-08-13 07:45:42,105 [WARN] PackLoader:240 - Cannot read IP mode file for STMicroelectronics.X-CUBE-AI.7.2.0
2023-08-13 07:45:42,137 [INFO] LogOutputStream:77 - [STDOUT_REDIRECT] 1 : Invalid condition id : UX_CORESTACK_Condition cause : null
2023-08-13 07:45:42,138 [INFO] LogOutputStream:77 - [STDOUT_REDIRECT] 1 : Invalid condition id : UX_CORESTACK_Condition cause : null
2023-08-13 07:45:42,140 [INFO] LogOutputStream:77 - [STDOUT_REDIRECT] 1 : Invalid condition id : UX_CORESTACK_Condition cause : null
2023-08-13 07:45:42,143 [INFO] LogOutputStream:77 - [STDOUT_REDIRECT] 1 : Invalid condition id : UX_CORESTACK_Condition cause : null
2023-08-13 07:45:42,145 [INFO] LogOutputStream:77 - [STDOUT_REDIRECT] 1 : Invalid condition id : UX_CORESTACK_Condition cause : null
2023-08-13 07:45:42,151 [WARN] PackLoader:240 - Cannot read IP mode file for STMicroelectronics.X-CUBE-AZRTOS-WL.2.0.0
2023-08-13 07:45:42,173 [WARN] PackLoader:240 - Cannot read IP mode file for WES.I-CUBE-Cesium.1.3.0
2023-08-13 07:45:42,197 [WARN] PackLoader:240 - Cannot read IP mode file for STMicroelectronics.X-CUBE-BLE2.3.3.0
2023-08-13 07:45:42,214 [WARN] PackLoader:240 - Cannot read IP mode file for STMicroelectronics.X-CUBE-DISPLAY.2.2.0
2023-08-13 07:45:42,270 [WARN] PackLoader:240 - Cannot read IP mode file for STMicroelectronics.X-CUBE-AZRTOS-H7.2.1.0
2023-08-13 07:45:42,296 [WARN] PackLoader:240 - Cannot read IP mode file for STMicroelectronics.X-CUBE-ALGOBUILD.1.3.0
2023-08-13 07:45:42,375 [WARN] PackLoader:240 - Cannot read IP mode file for STMicroelectronics.X-CUBE-AZRTOS-G0.1.1.0
2023-08-13 07:45:42,396 [WARN] PackLoader:240 - Cannot read IP mode file for STMicroelectronics.X-CUBE-NFC4.3.0.0
2023-08-13 07:45:42,492 [WARN] PackLoader:240 - Cannot read IP mode file for SEGGER.I-CUBE-embOS.1.2.0
2023-08-13 07:45:42,574 [WARN] PackLoader:240 - Cannot read IP mode file for STMicroelectronics.FP-ATR-SIGFOX1.3.2.0
2023-08-13 07:45:42,609 [WARN] PackLoader:240 - Cannot read IP mode file for emotas.I-CUBE-CANOPEN.1.1.2
2023-08-13 07:45:42,663 [WARN] PackLoader:240 - Cannot read IP mode file for STMicroelectronics.X-CUBE-TOUCHGFX.4.20.0
2023-08-13 07:45:42,826 [WARN] PackLoader:240 - Cannot read IP mode file for SEGGER.I-CUBE-embOS.1.3.1
2023-08-13 07:45:43,165 [WARN] PackLoader:240 - Cannot read IP mode file for STMicroelectronics.X-CUBE-GNSS1.6.0.0
2023-08-13 07:45:43,534 [WARN] PackLoader:240 - Cannot read IP mode file for STMicroelectronics.X-CUBE-AZRTOS-F4.1.1.0
2023-08-13 07:45:43,561 [WARN] PackLoader:240 - Cannot read IP mode file for STMicroelectronics.X-CUBE-AZRTOS-L5.2.0.0
2023-08-13 07:45:44,079 [WARN] PackLoader:240 - Cannot read IP mode file for STMicroelectronics.X-CUBE-MEMS1.9.6.0
2023-08-13 07:45:45,035 [WARN] PackLoader:240 - Cannot read IP mode file for STMicroelectronics.X-CUBE-BLEMGR.2.0.0
2023-08-13 07:45:45,079 [WARN] PackLoader:240 - Cannot read IP mode file for STMicroelectronics.X-CUBE-NFC4.2.0.4
2023-08-13 07:45:45,216 [WARN] ConditionMgr:438 - getConditionDescription Invalid condition id : UX DEVICE CLASS RTOS Condition cause : null
2023-08-13 07:45:45,216 [WARN] ConditionMgr:438 - getConditionDescription Invalid condition id : UX DEVICE CLASS RTOS Condition cause : null
2023-08-13 07:45:45,219 [WARN] PackLoader:240 - Cannot read IP mode file for STMicroelectronics.X-CUBE-AZRTOS-H7.3.1.0
2023-08-13 07:45:45,220 [WARN] ConditionMgr:1039 - genDependencies : Invalid condition id : UX DEVICE CLASS RTOS Condition cause : null
2023-08-13 07:45:45,220 [WARN] ConditionMgr:1039 - genDependencies : Invalid condition id : UX DEVICE CLASS RTOS Condition cause : null
2023-08-13 07:45:45,221 [WARN] ConditionMgr:1039 - genDependencies : Invalid condition id : UX DEVICE CLASS RTOS Condition cause : null
2023-08-13 07:45:45,221 [WARN] ConditionMgr:1039 - genDependencies : Invalid condition id : UX DEVICE CLASS RTOS Condition cause : null
2023-08-13 07:45:45,221 [WARN] ConditionMgr:1039 - genDependencies : Invalid condition id : UX DEVICE CLASS RTOS Condition cause : null
2023-08-13 07:45:45,260 [ERROR] LogOutputStream:75 - [STDERR_REDIRECT] 
