2023-08-11 11:16:47,249 [INFO] Activator:176 - 


2023-08-11 11:16:47,257 [INFO] Activator:177 - !SESSION log4j initialized
2023-08-11 11:16:55,048 [INFO] LogOutputStream:77 - [STDOUT_REDIRECT] 
2023-08-11 11:17:01,885 [INFO] ApplicationProperties:184 - Using Application install path: F:\STM32CubeIDE_1.13.1\STM32CubeIDE\plugins\com.st.stm32cube.common.mx_6.9.1.202307191849
2023-08-11 11:17:01,906 [INFO] DbMcusXml:78 - Set database path to: F:\STM32CubeIDE_1.13.1\STM32CubeIDE\plugins\com.st.stm32cube.common.mx_6.9.1.202307191849\\db\/mcu/
2023-08-11 11:17:01,907 [INFO] ApiDb:274 - Set plugin database path to: F:\STM32CubeIDE_1.13.1\STM32CubeIDE\plugins\com.st.stm32cube.common.mx_6.9.1.202307191849\\db\/plugins/boardmanager/
2023-08-11 11:17:01,908 [WARN] ApiDb:259 - Overriding images path with different value:  => F:\STM32CubeIDE_1.13.1\STM32CubeIDE\plugins\com.st.stm32cube.common.mx_6.9.1.202307191849\\db\/plugins/mcufinder/images/
2023-08-11 11:17:01,922 [INFO] ApiDb:250 - Set database path to: C:\Users\fishc\.stmcufinder\plugins\mcufinder//mcu/
2023-08-11 11:17:01,924 [INFO] DbMcusAds:125 - Set database path to: C:\Users\fishc\.stmcufinder\plugins\mcufinder//mcu/
2023-08-11 11:17:01,926 [INFO] CrossReferenceDbSqlite:203 - Set database path to: C:\Users\fishc\.stmcufinder\plugins\mcufinder//mcu/cs/
2023-08-11 11:17:02,077 [INFO] RulesReader:64 - Compatibility file has been processed (293 Rules)
2023-08-11 11:17:02,256 [INFO] DbMcusXml:78 - Set database path to: F:\STM32CubeIDE_1.13.1\STM32CubeIDE\plugins\com.st.stm32cube.common.mx_6.9.1.202307191849\\db\/mcu/
2023-08-11 11:17:02,256 [INFO] ApiDb:274 - Set plugin database path to: F:\STM32CubeIDE_1.13.1\STM32CubeIDE\plugins\com.st.stm32cube.common.mx_6.9.1.202307191849\\db\/plugins/boardmanager/
2023-08-11 11:17:02,256 [INFO] ApiDb:261 - Set plugin images path to: F:\STM32CubeIDE_1.13.1\STM32CubeIDE\plugins\com.st.stm32cube.common.mx_6.9.1.202307191849\\db\/plugins/mcufinder/images/
2023-08-11 11:17:02,257 [WARN] DbFile:41 - Overriding database path with different value: C:\Users\fishc\.stmcufinder\plugins\mcufinder/ => C:\Users\fishc\.stmcufinder\plugins\mcufinder
2023-08-11 11:17:02,257 [INFO] ApiDb:250 - Set database path to: C:\Users\fishc\.stmcufinder\plugins\mcufinder//mcu/
2023-08-11 11:17:02,257 [WARN] DbFile:41 - Overriding database path with different value: C:\Users\fishc\.stmcufinder\plugins\mcufinder/ => C:\Users\fishc\.stmcufinder\plugins\mcufinder
2023-08-11 11:17:02,257 [INFO] DbMcusAds:125 - Set database path to: C:\Users\fishc\.stmcufinder\plugins\mcufinder//mcu/
2023-08-11 11:17:02,257 [WARN] DbFile:41 - Overriding database path with different value: C:\Users\fishc\.stmcufinder\plugins\mcufinder/ => C:\Users\fishc\.stmcufinder\plugins\mcufinder
2023-08-11 11:17:02,257 [WARN] DbFile:41 - Overriding database path with different value: C:\Users\fishc\.stmcufinder\plugins\mcufinder/ => C:\Users\fishc\.stmcufinder\plugins\mcufinder
2023-08-11 11:17:02,257 [INFO] CrossReferenceDbSqlite:203 - Set database path to: C:\Users\fishc\.stmcufinder\plugins\mcufinder//mcu/cs/
2023-08-11 11:17:02,372 [INFO] MainPanel:262 - HeapMemory: 268435456
2023-08-11 11:17:02,475 [INFO] DbMcusXml:78 - Set database path to: F:\STM32CubeIDE_1.13.1\STM32CubeIDE\plugins\com.st.stm32cube.common.mx_6.9.1.202307191849\\db\/mcu/
2023-08-11 11:17:02,475 [INFO] ApiDb:274 - Set plugin database path to: F:\STM32CubeIDE_1.13.1\STM32CubeIDE\plugins\com.st.stm32cube.common.mx_6.9.1.202307191849\\db\/plugins/boardmanager/
2023-08-11 11:17:02,475 [INFO] ApiDb:261 - Set plugin images path to: F:\STM32CubeIDE_1.13.1\STM32CubeIDE\plugins\com.st.stm32cube.common.mx_6.9.1.202307191849\\db\/plugins/mcufinder/images/
2023-08-11 11:17:02,475 [WARN] DbFile:41 - Overriding database path with different value: C:\Users\fishc\.stmcufinder\plugins\mcufinder/ => C:\Users\fishc\.stmcufinder\plugins\mcufinder
2023-08-11 11:17:02,476 [INFO] ApiDb:250 - Set database path to: C:\Users\fishc\.stmcufinder\plugins\mcufinder//mcu/
2023-08-11 11:17:02,476 [WARN] DbFile:41 - Overriding database path with different value: C:\Users\fishc\.stmcufinder\plugins\mcufinder/ => C:\Users\fishc\.stmcufinder\plugins\mcufinder
2023-08-11 11:17:02,476 [INFO] DbMcusAds:125 - Set database path to: C:\Users\fishc\.stmcufinder\plugins\mcufinder//mcu/
2023-08-11 11:17:02,476 [WARN] DbFile:41 - Overriding database path with different value: C:\Users\fishc\.stmcufinder\plugins\mcufinder/ => C:\Users\fishc\.stmcufinder\plugins\mcufinder
2023-08-11 11:17:02,476 [WARN] DbFile:41 - Overriding database path with different value: C:\Users\fishc\.stmcufinder\plugins\mcufinder/ => C:\Users\fishc\.stmcufinder\plugins\mcufinder
2023-08-11 11:17:02,476 [INFO] CrossReferenceDbSqlite:203 - Set database path to: C:\Users\fishc\.stmcufinder\plugins\mcufinder//mcu/cs/
2023-08-11 11:17:02,499 [INFO] ApplicationProperties:184 - Using Application install path: F:\STM32CubeIDE_1.13.1\STM32CubeIDE\plugins\com.st.stm32cube.common.mx_6.9.1.202307191849
2023-08-11 11:17:02,500 [INFO] PluginManage:196 - Search for loadable plugins [exclusion list=, ]
2023-08-11 11:17:02,502 [INFO] PluginManage:310 - Check plugin analytics
2023-08-11 11:17:07,244 [INFO] AnalyticsPlugin:253 - Accepted Software Licenses: 
2023-08-11 11:17:07,245 [INFO] AnalyticsPlugin:255 - Accepted CMSIS Pack Licenses: 
2023-08-11 11:17:07,245 [INFO] AnalyticsPlugin:257 - Accepted Firmware Licenses: FW.G4.1.5.0
2023-08-11 11:17:07,252 [INFO] PluginManage:359 - Loaded plugin analytics (category:tool,tabindex:-1)
2023-08-11 11:17:07,253 [INFO] PluginManage:310 - Check plugin cadmodel
2023-08-11 11:17:07,281 [INFO] CADModel:105 - Init CAD model plugin
2023-08-11 11:17:07,281 [INFO] PluginManage:359 - Loaded plugin cadmodel (category:power,tabindex:5)
2023-08-11 11:17:07,281 [INFO] PluginManage:310 - Check plugin clock
2023-08-11 11:17:07,304 [INFO] PluginManage:359 - Loaded plugin clock (category:base,tabindex:2)
2023-08-11 11:17:07,304 [INFO] PluginManage:310 - Check plugin ddr
2023-08-11 11:17:07,307 [INFO] PluginManage:359 - Loaded plugin ddr (category:tool,tabindex:6)
2023-08-11 11:17:07,307 [INFO] PluginManage:310 - Check plugin filemanager
2023-08-11 11:17:07,477 [INFO] PluginManage:359 - Loaded plugin filemanager (category:base,tabindex:10)
2023-08-11 11:17:07,477 [INFO] PluginManage:310 - Check plugin ipmanager
2023-08-11 11:17:07,494 [INFO] PluginManage:359 - Loaded plugin ipmanager (category:base,tabindex:5)
2023-08-11 11:17:07,494 [INFO] PluginManage:310 - Check plugin lpbam
2023-08-11 11:17:07,511 [INFO] PluginManage:359 - Loaded plugin lpbam (category:base,tabindex:0)
2023-08-11 11:17:07,511 [INFO] PluginManage:310 - Check plugin memorymap
2023-08-11 11:17:07,535 [INFO] PluginManage:359 - Loaded plugin memorymap (category:base,tabindex:4)
2023-08-11 11:17:07,536 [INFO] PluginManage:310 - Check plugin pinoutandconfiguration
2023-08-11 11:17:07,553 [INFO] PluginManage:359 - Loaded plugin pinoutandconfiguration (category:base,tabindex:1)
2023-08-11 11:17:07,553 [INFO] PluginManage:310 - Check plugin pinoutconfig
2023-08-11 11:17:07,665 [WARN] SupportedApi:132 - Cannot load RTOS API schema: s4s-elt-must-match.1: The content of 'definitions' must match (annotation?, (simpleType | complexType)?, (unique | key | keyref)*)). A problem was found starting at: attribute.
2023-08-11 11:17:07,810 [INFO] PluginManage:359 - Loaded plugin pinoutconfig (category:base,tabindex:0)
2023-08-11 11:17:07,810 [INFO] PluginManage:310 - Check plugin power
2023-08-11 11:17:07,832 [INFO] PluginManage:359 - Loaded plugin power (category:power,tabindex:4)
2023-08-11 11:17:07,832 [INFO] PluginManage:310 - Check plugin projectmanager
2023-08-11 11:17:07,848 [INFO] PluginManage:359 - Loaded plugin projectmanager (category:projectmanager,tabindex:3)
2023-08-11 11:17:07,848 [INFO] PluginManage:310 - Check plugin thirdparty
2023-08-11 11:17:08,132 [INFO] PluginManage:359 - Loaded plugin thirdparty (category:base,tabindex:-1)
2023-08-11 11:17:08,132 [INFO] PluginManage:310 - Check plugin tools
2023-08-11 11:17:08,132 [WARN] IntegrityCheckThread:84 - waiting for thirdparty lock release [integrity check]
2023-08-11 11:17:08,132 [INFO] IntegrityCheckThread:86 - entering critical section [integrity check]
2023-08-11 11:17:08,133 [INFO] ThirdPartyUpdaterWithRetryManager:70 - Updater plugin not ready yet. [1/15]
2023-08-11 11:17:08,167 [INFO] PluginManage:359 - Loaded plugin tools (category:base,tabindex:7)
2023-08-11 11:17:08,167 [INFO] PluginManage:310 - Check plugin tutovideos
2023-08-11 11:17:08,405 [INFO] PluginManage:359 - Loaded plugin tutovideos (category:base,tabindex:-1)
2023-08-11 11:17:08,405 [INFO] PluginManage:310 - Check plugin updater
2023-08-11 11:17:08,417 [INFO] PluginManage:359 - Loaded plugin updater (category:base,tabindex:12)
2023-08-11 11:17:08,417 [INFO] PluginManage:310 - Check plugin userauth
2023-08-11 11:17:08,423 [INFO] UserAuth:113 - Init User Auth plugin
2023-08-11 11:17:08,423 [INFO] PluginManage:359 - Loaded plugin userauth (category:base,tabindex:14)
2023-08-11 11:17:08,424 [INFO] PluginManage:283 - PluginManage : Loaded plugins [17]
2023-08-11 11:17:08,765 [INFO] PinOutPanel:1499 - setPackage(No Configuration,No Configuration)
2023-08-11 11:17:09,009 [INFO] CADModel:165 - CPN selected for project level
2023-08-11 11:17:09,009 [INFO] CADModel:114 - Register for checkConnection events
2023-08-11 11:17:09,037 [INFO] IPUIPlugin:80 - create IPUIPlugin
2023-08-11 11:17:09,037 [INFO] PluginManager:220 - loadIPPluginJar : add adc
2023-08-11 11:17:09,077 [INFO] IPUIPlugin:80 - create IPUIPlugin
2023-08-11 11:17:09,077 [INFO] PluginManager:220 - loadIPPluginJar : add aes
2023-08-11 11:17:09,122 [INFO] IPUIPlugin:80 - create IPUIPlugin
2023-08-11 11:17:09,122 [INFO] PluginManager:220 - loadIPPluginJar : add can
2023-08-11 11:17:09,146 [INFO] IPUIPlugin:80 - create IPUIPlugin
2023-08-11 11:17:09,147 [INFO] PluginManager:220 - loadIPPluginJar : add comp
2023-08-11 11:17:09,183 [INFO] IPUIPlugin:80 - create IPUIPlugin
2023-08-11 11:17:09,183 [INFO] PluginManager:220 - loadIPPluginJar : add cryp
2023-08-11 11:17:09,217 [INFO] IPUIPlugin:80 - create IPUIPlugin
2023-08-11 11:17:09,217 [INFO] PluginManager:220 - loadIPPluginJar : add dfsdm
2023-08-11 11:17:09,233 [INFO] IPUIPlugin:80 - create IPUIPlugin
2023-08-11 11:17:09,233 [INFO] PluginManager:220 - loadIPPluginJar : add dma
2023-08-11 11:17:09,280 [INFO] IPUIPlugin:80 - create IPUIPlugin
2023-08-11 11:17:09,281 [INFO] PluginManager:220 - loadIPPluginJar : add dma3
2023-08-11 11:17:09,303 [INFO] IPUIPlugin:80 - create IPUIPlugin
2023-08-11 11:17:09,303 [INFO] PluginManager:220 - loadIPPluginJar : add fatfs
2023-08-11 11:17:09,354 [INFO] IPUIPlugin:80 - create IPUIPlugin
2023-08-11 11:17:09,354 [INFO] PluginManager:220 - loadIPPluginJar : add fmc
2023-08-11 11:17:09,370 [INFO] IPUIPlugin:80 - create IPUIPlugin
2023-08-11 11:17:09,370 [INFO] PluginManager:220 - loadIPPluginJar : add freertos
2023-08-11 11:17:09,392 [INFO] IPUIPlugin:80 - create IPUIPlugin
2023-08-11 11:17:09,392 [INFO] PluginManager:220 - loadIPPluginJar : add genericplugin
2023-08-11 11:17:09,491 [INFO] IPUIPlugin:80 - create IPUIPlugin
2023-08-11 11:17:09,491 [INFO] PluginManager:220 - loadIPPluginJar : add gfxmmu
2023-08-11 11:17:09,629 [INFO] IPUIPlugin:80 - create IPUIPlugin
2023-08-11 11:17:09,629 [INFO] PluginManager:220 - loadIPPluginJar : add gic
2023-08-11 11:17:09,642 [INFO] IPUIPlugin:80 - create IPUIPlugin
2023-08-11 11:17:09,642 [INFO] PluginManager:220 - loadIPPluginJar : add gpio
2023-08-11 11:17:09,738 [INFO] IPUIPlugin:80 - create IPUIPlugin
2023-08-11 11:17:09,738 [INFO] PluginManager:220 - loadIPPluginJar : add gtzc
2023-08-11 11:17:09,772 [INFO] IPUIPlugin:80 - create IPUIPlugin
2023-08-11 11:17:09,772 [INFO] PluginManager:220 - loadIPPluginJar : add hash
2023-08-11 11:17:09,826 [INFO] IPUIPlugin:80 - create IPUIPlugin
2023-08-11 11:17:09,826 [INFO] PluginManager:220 - loadIPPluginJar : add i2c
2023-08-11 11:17:09,867 [INFO] IPUIPlugin:80 - create IPUIPlugin
2023-08-11 11:17:09,867 [INFO] PluginManager:220 - loadIPPluginJar : add i2s
2023-08-11 11:17:09,909 [INFO] IPUIPlugin:80 - create IPUIPlugin
2023-08-11 11:17:09,909 [INFO] PluginManager:220 - loadIPPluginJar : add i3c
2023-08-11 11:17:10,019 [INFO] IPUIPlugin:80 - create IPUIPlugin
2023-08-11 11:17:10,019 [INFO] PluginManager:220 - loadIPPluginJar : add ipddr
2023-08-11 11:17:10,116 [INFO] IPUIPlugin:80 - create IPUIPlugin
2023-08-11 11:17:10,116 [INFO] PluginManager:220 - loadIPPluginJar : add linkedlist
2023-08-11 11:17:10,152 [INFO] IPUIPlugin:80 - create IPUIPlugin
2023-08-11 11:17:10,152 [INFO] PluginManager:220 - loadIPPluginJar : add lorawan
2023-08-11 11:17:10,190 [INFO] IPUIPlugin:80 - create IPUIPlugin
2023-08-11 11:17:10,190 [INFO] PluginManager:220 - loadIPPluginJar : add ltdc
2023-08-11 11:17:10,204 [INFO] IPUIPlugin:80 - create IPUIPlugin
2023-08-11 11:17:10,204 [INFO] PluginManager:220 - loadIPPluginJar : add mdma
2023-08-11 11:17:10,217 [INFO] IPUIPlugin:80 - create IPUIPlugin
2023-08-11 11:17:10,217 [INFO] PluginManager:220 - loadIPPluginJar : add nvic
2023-08-11 11:17:10,254 [INFO] IPUIPlugin:80 - create IPUIPlugin
2023-08-11 11:17:10,254 [INFO] PluginManager:220 - loadIPPluginJar : add opamp
2023-08-11 11:17:10,315 [INFO] IPUIPlugin:80 - create IPUIPlugin
2023-08-11 11:17:10,315 [INFO] PluginManager:220 - loadIPPluginJar : add openamp
2023-08-11 11:17:10,362 [INFO] IPUIPlugin:80 - create IPUIPlugin
2023-08-11 11:17:10,362 [INFO] PluginManager:220 - loadIPPluginJar : add pdm2pcm
2023-08-11 11:17:10,377 [INFO] IPUIPlugin:80 - create IPUIPlugin
2023-08-11 11:17:10,379 [INFO] PluginManager:220 - loadIPPluginJar : add plateformsettings
2023-08-11 11:17:10,403 [INFO] IPUIPlugin:80 - create IPUIPlugin
2023-08-11 11:17:10,403 [INFO] PluginManager:220 - loadIPPluginJar : add quadspi
2023-08-11 11:17:10,417 [INFO] IPUIPlugin:80 - create IPUIPlugin
2023-08-11 11:17:10,417 [INFO] PluginManager:220 - loadIPPluginJar : add resmgrutility
2023-08-11 11:17:10,470 [INFO] IPUIPlugin:80 - create IPUIPlugin
2023-08-11 11:17:10,470 [INFO] PluginManager:220 - loadIPPluginJar : add sai
2023-08-11 11:17:10,512 [INFO] IPUIPlugin:80 - create IPUIPlugin
2023-08-11 11:17:10,512 [INFO] PluginManager:220 - loadIPPluginJar : add spi
2023-08-11 11:17:10,576 [INFO] IPUIPlugin:80 - create IPUIPlugin
2023-08-11 11:17:10,577 [INFO] PluginManager:220 - loadIPPluginJar : add stm32_wpan
2023-08-11 11:17:10,602 [INFO] IPUIPlugin:80 - create IPUIPlugin
2023-08-11 11:17:10,603 [INFO] PluginManager:220 - loadIPPluginJar : add tim
2023-08-11 11:17:10,663 [INFO] IPUIPlugin:80 - create IPUIPlugin
2023-08-11 11:17:10,663 [INFO] PluginManager:220 - loadIPPluginJar : add touchsensing
2023-08-11 11:17:10,686 [INFO] IPUIPlugin:80 - create IPUIPlugin
2023-08-11 11:17:10,687 [INFO] PluginManager:220 - loadIPPluginJar : add tracer_emb
2023-08-11 11:17:10,710 [INFO] IPUIPlugin:80 - create IPUIPlugin
2023-08-11 11:17:10,710 [INFO] PluginManager:220 - loadIPPluginJar : add ts
2023-08-11 11:17:10,732 [INFO] IPUIPlugin:80 - create IPUIPlugin
2023-08-11 11:17:10,732 [INFO] PluginManager:220 - loadIPPluginJar : add tsc
2023-08-11 11:17:10,754 [INFO] IPUIPlugin:80 - create IPUIPlugin
2023-08-11 11:17:10,754 [INFO] PluginManager:220 - loadIPPluginJar : add ucpd
2023-08-11 11:17:10,797 [INFO] IPUIPlugin:80 - create IPUIPlugin
2023-08-11 11:17:10,797 [INFO] PluginManager:220 - loadIPPluginJar : add usart
2023-08-11 11:17:10,842 [INFO] IPUIPlugin:80 - create IPUIPlugin
2023-08-11 11:17:10,842 [INFO] PluginManager:220 - loadIPPluginJar : add usbx
2023-08-11 11:17:10,993 [INFO] CADModel:165 - CPN selected for project level
2023-08-11 11:17:10,993 [INFO] CADModel:114 - Register for checkConnection events
2023-08-11 11:17:10,994 [FATAL] Updater:308 - Updater called before beeing initialized
2023-08-11 11:17:10,994 [ERROR] CADModel:125 - Updater not yet initialized, retry later 
2023-08-11 11:17:11,144 [INFO] ThirdPartyUpdaterWithRetryManager:70 - Updater plugin not ready yet. [2/15]
2023-08-11 11:17:11,157 [INFO] CADModel:165 - CPN selected for project level
2023-08-11 11:17:11,157 [INFO] CADModel:114 - Register for checkConnection events
2023-08-11 11:17:11,157 [FATAL] Updater:308 - Updater called before beeing initialized
2023-08-11 11:17:11,157 [ERROR] CADModel:125 - Updater not yet initialized, retry later 
2023-08-11 11:17:11,161 [FATAL] Updater:308 - Updater called before beeing initialized
2023-08-11 11:17:11,330 [FATAL] Updater:308 - Updater called before beeing initialized
2023-08-11 11:17:11,342 [INFO] DbMcusAds:53 - JSON generation date=Tue Mar 07 17:50:55 KST 2023 (1678179055114)
2023-08-11 11:17:11,342 [FATAL] Updater:308 - Updater called before beeing initialized
2023-08-11 11:17:11,432 [WARN] DetailPanel:346 - Failed to get advertising image, set to default
2023-08-11 11:17:11,626 [FATAL] Updater:308 - Updater called before beeing initialized
2023-08-11 11:17:11,628 [FATAL] Updater:308 - Updater called before beeing initialized
2023-08-11 11:17:11,628 [FATAL] Updater:308 - Updater called before beeing initialized
2023-08-11 11:17:11,628 [WARN] DetailPanel:346 - Failed to get advertising image, set to default
2023-08-11 11:17:11,629 [FATAL] Updater:308 - Updater called before beeing initialized
2023-08-11 11:17:11,724 [ERROR] Updater:1120 - MainUpdater not yet initialized. External WinMGr cannot be set.
2023-08-11 11:17:11,735 [INFO] Updater:1056 - Updater Version found : 6.9.1
2023-08-11 11:17:11,754 [INFO] ApplicationProperties:184 - Using Application install path: F:\STM32CubeIDE_1.13.1\STM32CubeIDE\plugins\com.st.stm32cube.common.mx_6.9.1.202307191849
2023-08-11 11:17:12,024 [INFO] MainUpdater:2868 - connection check result : 10
2023-08-11 11:17:12,025 [INFO] MainUpdater:285 - Updater Check For Update Now.
2023-08-11 11:17:12,025 [INFO] MicroXplorer:498 - Change Database Version : DB.6.0.91
2023-08-11 11:17:12,043 [INFO] McuFinderGlobals:63 - Set McuFinder mode to 2 (CubeIDE integrated)
2023-08-11 11:17:12,043 [INFO] UserAuth:179 - activating auth plugin
2023-08-11 11:17:12,048 [INFO] UserAuth:393 - Internet connection configuration mode: 1
2023-08-11 11:17:12,090 [INFO] JxBrowserEngine:151 - Initiate JxBrowser Engine with user profile folder
2023-08-11 11:17:12,261 [INFO] CheckServerUpdateThread:120 - End of CheckServer Thread
2023-08-11 11:17:14,624 [WARN] PackLoader:240 - Cannot read IP mode file for STMicroelectronics.X-CUBE-GNSS1.6.0.0
2023-08-11 11:17:14,678 [WARN] PackLoader:240 - Cannot read IP mode file for STMicroelectronics.X-CUBE-AZRTOS-F4.1.1.0
2023-08-11 11:17:14,702 [WARN] PackLoader:240 - Cannot read IP mode file for STMicroelectronics.X-CUBE-SMBUS.2.1.0
2023-08-11 11:17:14,771 [WARN] PackLoader:240 - Cannot read IP mode file for STMicroelectronics.X-CUBE-MEMS1.9.2.0
2023-08-11 11:17:15,334 [WARN] PackLoader:240 - Cannot read IP mode file for STMicroelectronics.X-CUBE-AZRTOS-F7.1.1.0
2023-08-11 11:17:15,359 [INFO] WebApp:157 - Instantiating new browser for Auth
2023-08-11 11:17:15,483 [WARN] PackLoader:240 - Cannot read IP mode file for STMicroelectronics.X-CUBE-MEMS1.9.6.0
2023-08-11 11:17:15,898 [WARN] PackLoader:240 - Cannot read IP mode file for STMicroelectronics.FP-SNS-MOTENV1.4.3.2
2023-08-11 11:17:16,119 [WARN] PackLoader:240 - Cannot read IP mode file for STMicroelectronics.X-CUBE-BLE1.6.2.3
2023-08-11 11:17:16,167 [WARN] PackLoader:240 - Cannot read IP mode file for STMicroelectronics.X-CUBE-BLE1.6.2.4
2023-08-11 11:17:16,274 [WARN] PackLoader:240 - Cannot read IP mode file for STMicroelectronics.X-CUBE-BLEMGR.2.0.0
2023-08-11 11:17:16,313 [WARN] PackLoader:240 - Cannot read IP mode file for STMicroelectronics.FP-SNS-FLIGHT1.5.0.2
2023-08-11 11:17:16,347 [WARN] PackLoader:240 - Cannot read IP mode file for STMicroelectronics.X-CUBE-NFC4.2.0.4
2023-08-11 11:17:16,407 [WARN] ConditionMgr:438 - getConditionDescription Invalid condition id : UX DEVICE CLASS RTOS Condition cause : null
2023-08-11 11:17:16,407 [WARN] ConditionMgr:438 - getConditionDescription Invalid condition id : UX DEVICE CLASS RTOS Condition cause : null
2023-08-11 11:17:16,412 [WARN] PackLoader:240 - Cannot read IP mode file for STMicroelectronics.X-CUBE-AZRTOS-H7.3.1.0
2023-08-11 11:17:16,413 [WARN] ConditionMgr:1039 - genDependencies : Invalid condition id : UX DEVICE CLASS RTOS Condition cause : null
2023-08-11 11:17:16,414 [WARN] ConditionMgr:1039 - genDependencies : Invalid condition id : UX DEVICE CLASS RTOS Condition cause : null
2023-08-11 11:17:16,415 [WARN] ConditionMgr:1039 - genDependencies : Invalid condition id : UX DEVICE CLASS RTOS Condition cause : null
2023-08-11 11:17:16,416 [WARN] ConditionMgr:1039 - genDependencies : Invalid condition id : UX DEVICE CLASS RTOS Condition cause : null
2023-08-11 11:17:16,416 [WARN] ConditionMgr:1039 - genDependencies : Invalid condition id : UX DEVICE CLASS RTOS Condition cause : null
2023-08-11 11:17:16,489 [WARN] PackLoader:240 - Cannot read IP mode file for STMicroelectronics.X-CUBE-TOF1.3.1.0
2023-08-11 11:17:16,571 [WARN] PackLoader:240 - Cannot read IP mode file for STMicroelectronics.X-CUBE-DISPLAY.3.0.0
2023-08-11 11:17:16,723 [WARN] PackLoader:240 - Cannot read IP mode file for STMicroelectronics.X-CUBE-AZRTOS-F4.1.0.0
2023-08-11 11:17:16,773 [WARN] PackLoader:240 - Cannot read IP mode file for STMicroelectronics.X-CUBE-TOUCHGFX.4.22.0
2023-08-11 11:17:16,850 [WARN] PackLoader:240 - Cannot read IP mode file for STMicroelectronics.X-CUBE-NFC7.1.0.1
2023-08-11 11:17:16,855 [INFO] WebApp:753 - Register for checkConnection events
2023-08-11 11:17:16,855 [INFO] WebApp:390 - Apply proxy settings
2023-08-11 11:17:16,855 [INFO] WebApp:475 - Chromium requires no authentication
2023-08-11 11:17:16,866 [INFO] WebApp:418 - Direct internet connection detected
2023-08-11 11:17:16,939 [WARN] PackLoader:240 - Cannot read IP mode file for STMicroelectronics.X-CUBE-NFC7.1.0.0
2023-08-11 11:17:17,000 [WARN] PackLoader:240 - Cannot read IP mode file for STMicroelectronics.X-CUBE-EEPRMA1.4.1.0
2023-08-11 11:17:17,133 [WARN] PackLoader:240 - Cannot read IP mode file for STMicroelectronics.X-CUBE-AI.7.2.0
2023-08-11 11:17:17,189 [INFO] WebApp:188 - Starting web application
2023-08-11 11:17:17,190 [INFO] WebApp:520 - Web application path used F:\STM32CubeIDE_1.13.1\STM32CubeIDE\plugins\com.st.stm32cube.common.mx_6.9.1.202307191849\db\plugins\mcufinder\reactClient1\index.html
2023-08-11 11:17:17,196 [INFO] LogOutputStream:77 - [STDOUT_REDIRECT] 1 : Invalid condition id : UX_CORESTACK_Condition cause : null
2023-08-11 11:17:17,198 [INFO] LogOutputStream:77 - [STDOUT_REDIRECT] 1 : Invalid condition id : UX_CORESTACK_Condition cause : null
2023-08-11 11:17:17,199 [INFO] LogOutputStream:77 - [STDOUT_REDIRECT] 1 : Invalid condition id : UX_CORESTACK_Condition cause : null
2023-08-11 11:17:17,201 [INFO] LogOutputStream:77 - [STDOUT_REDIRECT] 1 : Invalid condition id : UX_CORESTACK_Condition cause : null
2023-08-11 11:17:17,203 [INFO] LogOutputStream:77 - [STDOUT_REDIRECT] 1 : Invalid condition id : UX_CORESTACK_Condition cause : null
2023-08-11 11:17:17,205 [WARN] PackLoader:240 - Cannot read IP mode file for STMicroelectronics.X-CUBE-AZRTOS-WL.2.0.0
2023-08-11 11:17:17,307 [WARN] ConditionMgr:438 - getConditionDescription Invalid condition id : LAN8742 Phy interface Condition cause : null
2023-08-11 11:17:17,307 [WARN] PackLoader:240 - Cannot read IP mode file for STMicroelectronics.X-CUBE-AZRTOS-L4.2.0.0
2023-08-11 11:17:17,308 [WARN] ConditionMgr:1039 - genDependencies : Invalid condition id : LAN8742 Phy interface Condition cause : null
2023-08-11 11:17:17,309 [WARN] ConditionMgr:1039 - genDependencies : Invalid condition id : LAN8742 Phy interface Condition cause : null
2023-08-11 11:17:17,309 [WARN] ConditionMgr:1039 - genDependencies : Invalid condition id : LAN8742 Phy interface Condition cause : null
2023-08-11 11:17:17,371 [WARN] PackLoader:240 - Cannot read IP mode file for WES.I-CUBE-Cesium.1.3.0
2023-08-11 11:17:17,473 [WARN] PackLoader:240 - Cannot read IP mode file for STMicroelectronics.X-CUBE-SFXS2LP1.4.0.0
2023-08-11 11:17:17,492 [WARN] PackLoader:240 - Cannot read IP mode file for STMicroelectronics.X-CUBE-BLE2.3.3.0
2023-08-11 11:17:17,507 [WARN] PackLoader:240 - Cannot read IP mode file for STMicroelectronics.X-CUBE-DISPLAY.2.2.0
2023-08-11 11:17:17,543 [WARN] PackLoader:240 - Cannot read IP mode file for STMicroelectronics.X-CUBE-ISPU.1.1.0
2023-08-11 11:17:17,564 [WARN] PackLoader:240 - Cannot read IP mode file for RoweBots.I-CUBE-UNISONRTOS.5.5.0-4
2023-08-11 11:17:17,608 [WARN] PackLoader:240 - Cannot read IP mode file for STMicroelectronics.X-CUBE-AZRTOS-H7.2.1.0
2023-08-11 11:17:17,683 [WARN] PackLoader:240 - Cannot read IP mode file for wolfSSL.I-CUBE-wolfSSL.5.4.0
2023-08-11 11:17:17,761 [WARN] PackLoader:240 - Cannot read IP mode file for STMicroelectronics.X-CUBE-FREERTOS.1.0.1
2023-08-11 11:17:17,785 [WARN] PackLoader:240 - Cannot read IP mode file for STMicroelectronics.X-CUBE-BLEMGR.1.0.0
2023-08-11 11:17:17,813 [WARN] PackLoader:240 - Cannot read IP mode file for STMicroelectronics.X-CUBE-ALGOBUILD.1.3.0
2023-08-11 11:17:17,895 [WARN] PackLoader:240 - Cannot read IP mode file for STMicroelectronics.X-CUBE-AZRTOS-L5.1.1.0
2023-08-11 11:17:17,928 [WARN] PackLoader:240 - Cannot read IP mode file for STMicroelectronics.X-CUBE-AZRTOS-G0.1.1.0
2023-08-11 11:17:17,941 [WARN] PackLoader:240 - Cannot read IP mode file for STMicroelectronics.X-CUBE-AI.8.0.1
2023-08-11 11:17:17,958 [WARN] PackLoader:240 - Cannot read IP mode file for STMicroelectronics.X-CUBE-SUBG2.5.0.0
2023-08-11 11:17:17,978 [WARN] PackLoader:240 - Cannot read IP mode file for STMicroelectronics.X-CUBE-NFC4.3.0.0
2023-08-11 11:17:18,040 [WARN] PackLoader:240 - Cannot read IP mode file for SEGGER.I-CUBE-embOS.1.2.0
2023-08-11 11:17:18,097 [WARN] PackLoader:240 - Cannot read IP mode file for STMicroelectronics.X-CUBE-TOF1.3.3.1
2023-08-11 11:17:18,140 [WARN] PackLoader:240 - Cannot read IP mode file for STMicroelectronics.X-CUBE-AZRTOS-G4.2.0.0
2023-08-11 11:17:18,154 [WARN] PackLoader:240 - Cannot read IP mode file for STMicroelectronics.FP-ATR-ASTRA1.1.1.0
2023-08-11 11:17:18,194 [WARN] PackLoader:240 - Cannot read IP mode file for STMicroelectronics.X-CUBE-AZRTOS-G4.1.0.0
2023-08-11 11:17:18,207 [WARN] PackLoader:240 - Cannot read IP mode file for STMicroelectronics.FP-ATR-SIGFOX1.3.2.0
2023-08-11 11:17:18,233 [WARN] PackLoader:240 - Cannot read IP mode file for STMicroelectronics.X-CUBE-AZRTOS-L4.1.0.0
2023-08-11 11:17:18,249 [WARN] PackLoader:240 - Cannot read IP mode file for emotas.I-CUBE-CANOPEN.1.1.2
2023-08-11 11:17:18,261 [WARN] PackLoader:240 - Cannot read IP mode file for STMicroelectronics.X-CUBE-TOUCHGFX.4.20.0
2023-08-11 11:17:18,282 [WARN] PackLoader:240 - Cannot read IP mode file for STMicroelectronics.X-CUBE-AZRTOS-WL.1.0.0
2023-08-11 11:17:18,303 [WARN] PackLoader:240 - Cannot read IP mode file for portGmbH.I-Cube-SoM-uGOAL.1.1.0
2023-08-11 11:17:18,319 [WARN] PackLoader:240 - Cannot read IP mode file for STMicroelectronics.X-CUBE-ALS.1.0.1
2023-08-11 11:17:18,342 [WARN] PackLoader:240 - Cannot read IP mode file for STMicroelectronics.X-CUBE-AZRTOS-WB.1.1.0
2023-08-11 11:17:18,376 [WARN] PackLoader:240 - Cannot read IP mode file for SEGGER.I-CUBE-embOS.1.3.1
2023-08-11 11:17:18,431 [WARN] PackLoader:240 - Cannot read IP mode file for STMicroelectronics.X-CUBE-AZRTOS-L5.1.0.0
2023-08-11 11:17:18,452 [WARN] PackLoader:240 - Cannot read IP mode file for STMicroelectronics.X-CUBE-EEPRMA1.3.1.1
2023-08-11 11:17:18,464 [WARN] PackLoader:240 - Cannot read IP mode file for STMicroelectronics.FP-ATR-ASTRA1.2.0.0
2023-08-11 11:17:18,466 [INFO] ThirdParty:978 - Integrity check success = true
2023-08-11 11:17:18,466 [INFO] IntegrityCheckThread:100 - exiting critical section [integrity check]
2023-08-11 11:17:18,466 [INFO] IntegrityCheckThread:103 - End integrity checks thread
2023-08-11 11:17:38,573 [ERROR] LogOutputStream:75 - [STDERR_REDIRECT] SLF4J: Failed to load class "org.slf4j.impl.StaticLoggerBinder".
2023-08-11 11:17:38,574 [ERROR] LogOutputStream:75 - [STDERR_REDIRECT] SLF4J: Defaulting to no-operation (NOP) logger implementation
2023-08-11 11:17:38,575 [ERROR] LogOutputStream:75 - [STDERR_REDIRECT] SLF4J: See http://www.slf4j.org/codes.html#StaticLoggerBinder for further details.
2023-08-11 11:20:46,641 [INFO] McuFinderGlobals:63 - Set McuFinder mode to 2 (CubeIDE integrated)
2023-08-11 11:20:46,685 [INFO] MainUpdater:2868 - connection check result : 10
2023-08-11 11:20:46,698 [INFO] MainUpdater:2868 - connection check result : 10
2023-08-11 11:20:46,944 [INFO] MicroXplorer:468 - Change Database Path : 
2023-08-11 11:20:46,945 [INFO] MicroXplorer:498 - Change Database Version : DB.6.0.91
2023-08-11 11:20:46,949 [WARN] ThirdParty:871 - waiting for thirdparty lock release [close project]
2023-08-11 11:20:46,949 [INFO] ThirdParty:873 - entering critical section [close project]
2023-08-11 11:20:46,950 [INFO] ThirdParty:883 - exiting critical section [close project]
2023-08-11 11:20:46,952 [INFO] PinOutPanel:1499 - setPackage(No Configuration,No Configuration)
2023-08-11 11:20:46,960 [INFO] UtilMem:75 - Begin LoadConfig() Used Memory: 520583728 Bytes (875560960)
2023-08-11 11:20:46,962 [INFO] MicroXplorer:468 - Change Database Path : 
2023-08-11 11:20:46,962 [INFO] MicroXplorer:498 - Change Database Version : DB.6.0.91
2023-08-11 11:20:46,962 [INFO] OpenFileManager:308 - Change cursor
2023-08-11 11:20:47,011 [INFO] Mcu:1946 - Initializing MCU STM32G474R(B-C-E)Tx STM32G474RETx STM32G474RET6
2023-08-11 11:20:55,310 [INFO] Context:659 - Trying to add GPIOservice into a context  which must be forbidden
2023-08-11 11:20:58,741 [INFO] RtosManager:555 - Registered RTOS mode: class=CMSIS, group=RTOS, mode=CMSIS_V1, owner=FREERTOS
2023-08-11 11:20:58,741 [INFO] RtosManager:555 - Registered RTOS mode: class=CMSIS, group=RTOS2, mode=CMSIS_V2, owner=FREERTOS
2023-08-11 11:20:58,741 [INFO] RtosManager:555 - Registered RTOS mode: class=RTOS, group=Core, mode=CMSIS_V1, owner=FREERTOS
2023-08-11 11:20:58,741 [INFO] RtosManager:555 - Registered RTOS mode: class=RTOS, group=Core, mode=CMSIS_V2, owner=FREERTOS
2023-08-11 11:20:58,742 [WARN] ModelIntegratedComponent:184 - Missing modes for component STMicroelectronics:FreeRTOS:0.0.1:STMicroelectronics:RTOS:FreeRTOS:Core:::10.2.0:
2023-08-11 11:20:58,762 [WARN] ModelIntegratedComponent:63 - No mode defined for component null
2023-08-11 11:20:58,762 [WARN] ModelIntegratedComponent:63 - No mode defined for component null
2023-08-11 11:20:58,763 [WARN] ModelIntegratedComponent:63 - No mode defined for component null
2023-08-11 11:20:58,763 [WARN] ModelIntegratedComponent:63 - No mode defined for component null
2023-08-11 11:20:58,763 [WARN] ModelIntegratedComponent:63 - No mode defined for component null
2023-08-11 11:20:58,763 [WARN] ModelIntegratedComponent:63 - No mode defined for component null
2023-08-11 11:20:58,763 [WARN] ModelIntegratedComponent:63 - No mode defined for component null
2023-08-11 11:20:58,764 [WARN] ModelIntegratedComponent:63 - No mode defined for component null
2023-08-11 11:20:58,764 [WARN] ModelIntegratedComponent:63 - No mode defined for component null
2023-08-11 11:20:58,764 [WARN] ModelIntegratedComponent:63 - No mode defined for component null
2023-08-11 11:20:58,764 [WARN] ModelIntegratedComponent:63 - No mode defined for component null
2023-08-11 11:20:58,764 [WARN] ModelIntegratedComponent:63 - No mode defined for component null
2023-08-11 11:20:58,764 [WARN] ModelIntegratedComponent:63 - No mode defined for component null
2023-08-11 11:20:58,764 [WARN] ModelIntegratedComponent:63 - No mode defined for component null
2023-08-11 11:20:58,764 [WARN] ModelIntegratedComponent:63 - No mode defined for component null
2023-08-11 11:20:58,764 [WARN] ModelIntegratedComponent:63 - No mode defined for component null
2023-08-11 11:20:58,764 [WARN] ModelIntegratedComponent:63 - No mode defined for component null
2023-08-11 11:20:58,765 [WARN] ModelIntegratedComponent:63 - No mode defined for component null
2023-08-11 11:20:58,765 [WARN] ModelIntegratedComponent:63 - No mode defined for component null
2023-08-11 11:20:58,765 [WARN] ModelIntegratedComponent:63 - No mode defined for component null
2023-08-11 11:20:58,765 [WARN] ModelIntegratedComponent:63 - No mode defined for component null
2023-08-11 11:20:58,765 [WARN] ModelIntegratedComponent:63 - No mode defined for component null
2023-08-11 11:20:58,765 [WARN] ModelIntegratedComponent:63 - No mode defined for component null
2023-08-11 11:20:58,765 [WARN] ModelIntegratedComponent:63 - No mode defined for component null
2023-08-11 11:20:58,765 [WARN] ModelIntegratedComponent:63 - No mode defined for component null
2023-08-11 11:20:58,765 [WARN] ModelIntegratedComponent:63 - No mode defined for component null
2023-08-11 11:20:58,765 [WARN] ModelIntegratedComponent:63 - No mode defined for component null
2023-08-11 11:20:58,765 [WARN] ModelIntegratedComponent:63 - No mode defined for component null
2023-08-11 11:20:58,765 [WARN] ModelIntegratedComponent:63 - No mode defined for component null
2023-08-11 11:20:58,765 [WARN] ModelIntegratedComponent:63 - No mode defined for component null
2023-08-11 11:20:58,765 [WARN] ModelIntegratedComponent:63 - No mode defined for component null
2023-08-11 11:20:58,766 [WARN] ModelIntegratedComponent:63 - No mode defined for component null
2023-08-11 11:20:58,766 [WARN] ModelIntegratedComponent:63 - No mode defined for component null
2023-08-11 11:20:58,790 [INFO] ThirdPartyModel:298 - Start build external matchings
2023-08-11 11:21:00,058 [INFO] ThirdPartyModel:316 - End build external matchings
2023-08-11 11:21:01,631 [INFO] UtilMem:75 - End LoadConfig() Used Memory: 505988848 Bytes (1073741824)
2023-08-11 11:21:01,810 [INFO] ApiDb:581 - Connected to CubeFinder SQLite database (C:\Users\fishc\.stmcufinder\plugins\mcufinder\mcu\cube-finder-db.db)
2023-08-11 11:21:01,964 [INFO] ApiDb:668 - CubeFinder database Data Model version=2.1
2023-08-11 11:21:01,965 [INFO] ApiDb:669 - CubeFinder database Configuration version=3.0.37
2023-08-11 11:21:01,966 [INFO] ApiDb:670 - CubeFinder database generation date=2023-07-31 (1690792719)
2023-08-11 11:21:01,966 [INFO] ApiDb:671 - CubeFinder database FW Pack versions=[FP-ATR-ASTRA1_V2.0.0, FP-SNS-FLIGHT1_V5.0.1, FP-SNS-FLIGHT1_V5.0.2, FP-SNS-MOTENV1_V4.3.1, FP-SNS-MOTENV1_V4.3.2, STM32Cube_FW_C0_V1.1.0, STM32Cube_FW_F4_V1.27.1, STM32Cube_FW_F7_V1.17.0, STM32Cube_FW_G0_V1.6.1, STM32Cube_FW_G4_V1.5.1, STM32Cube_FW_H5_V0.5.1, STM32Cube_FW_H5_V1.1.0, STM32Cube_FW_H7_V1.11.0, STM32Cube_FW_L0_V1.12.2, STM32Cube_FW_L5_V1.5.0, STM32Cube_FW_U5_V1.3.0, STM32Cube_FW_U5_V1.3.0RC4, STM32Cube_FW_WBA_V1.0.0RC1, STM32Cube_FW_WBA_V1.1.0, STM32Cube_FW_WBA_V1.1.0RC1, STM32Cube_FW_WB_V1.15.0RC1, STM32Cube_FW_WB_V1.16.0, STM32Cube_FW_WB_V1.16.0RC2, STM32Cube_FW_WB_V1.17.0, STM32Cube_FW_WL_V1.3.0, X-CUBE-ALGOBUILD_V1.3.0, X-CUBE-ALS_V1.0.1, X-CUBE-AZRTOS-F4_V1.1.0, X-CUBE-AZRTOS-F7_V1.1.0, X-CUBE-AZRTOS-G0_V1.1.0, X-CUBE-AZRTOS-G4_V2.0.0, X-CUBE-AZRTOS-H7_V3.1.0, X-CUBE-AZRTOS-L4_V1.0.0, X-CUBE-AZRTOS-L4_V2.0.0, X-CUBE-AZRTOS-L5_V1.1.0, X-CUBE-AZRTOS-WB_V1.1.0, X-CUBE-AZRTOS-WL_V2.0.0, X-CUBE-BLE1_V6.2.4, X-CUBE-BLE2_V3.3.0, X-CUBE-BLEMGR_V2.0.0, X-CUBE-EEPRMA1_V4.1.0, X-CUBE-FREERTOS_V1.0.1, X-CUBE-GNSS1_V6.0.0, X-CUBE-MEMS1_V9.1.0, X-CUBE-MEMS1_V9.4.0, X-CUBE-MEMS1_V9.6.0, X-CUBE-NFC4_V3.0.0, X-CUBE-NFC7_V1.0.0, X-CUBE-SFXS2LP1_V4.0.0, X-CUBE-SUBG2_V5.0.0]
2023-08-11 11:21:05,389 [INFO] ApiDb:240 - Found 323 in-development CPN: [B-G473E-ZEST1S, B-WB1M-WPAN1, B-WL5M-SUBG1, NUCLEO-C031C6, NUCLEO-H503RB, NUCLEO-H563ZI, NUCLEO-U545RE-Q, NUCLEO-U5A5ZJ-Q, NUCLEO-WBA52CG, STEVAL-PROTEUS1, STEVAL-SMARTAG2, STEVAL-STWINBX1, STM320518-EVAL, STM32C0116-DK, STM32C011D6Y3TR, STM32C011D6Y6TR, STM32C011F4P3, STM32C011F4P6, STM32C011F4U3, STM32C011F4U6TR, STM32C011F6P3, STM32C011F6P6, STM32C011F6U3, STM32C011F6U6TR, STM32C011J4M3, STM32C011J4M6, STM32C011J6M3, STM32C011J6M6, STM32C0316-DK, STM32C031C4T3, STM32C031C4T6, STM32C031C4U3, STM32C031C4U6, STM32C031C6T3, STM32C031C6T6, STM32C031C6U3, STM32C031C6U6, STM32C031F4P3, STM32C031F4P6, STM32C031F6P3, STM32C031F6P6, STM32C031G4U3, STM32C031G4U6, STM32C031G6U3, STM32C031G6U6, STM32C031K4T3, STM32C031K4T6, STM32C031K4U3, STM32C031K4U6, STM32C031K6T3, STM32C031K6T6, STM32C031K6U3, STM32C031K6U6, STM32G071K8TXN, STM32G071K8UXN, STM32G081GBU6N, STM32G081KBT6N, STM32G081KBUXN, STM32G0B1CCT6N, STM32G0B1KCT6, STM32G0B1NEY6TR, STM32G0B1RCT6N, STM32G0C1CCT6, STM32G0C1CCT6N, STM32G0C1CCU6N, STM32G0C1CET6N, STM32G0C1CEU6N, STM32G0C1KCT6, STM32G0C1NEY6TR, STM32G0C1RCI6N, STM32G0C1RCT6N, STM32G0C1REI6N, STM32G0C1RET6N, STM32G0C1VCI6, STM32G0C1VEI6, STM32G471CCT6, STM32G471CCU6, STM32G471CET3, STM32G471CET6, STM32G471CEU3, STM32G471CEU6, STM32G471MCT6, STM32G471MET3, STM32G471MET6, STM32G471MEY6TR, STM32G471QCT6, STM32G471QET3, STM32G471RCT6, STM32G471RET3, STM32G471RET6, STM32G471VCH6, STM32G471VCI6, STM32G471VCT6, STM32G471VEH3, STM32G471VEH6, STM32G471VEI3, STM32G471VEI6, STM32G471VET3, STM32G471VET6, STM32G474CCT6, STM32H503CBT6, STM32H503CBU6, STM32H503EBY6TR, STM32H503KBU6, STM32H503RBT6, STM32H562AGI6, STM32H562AII6, STM32H562IGK6, STM32H562IGT6, STM32H562IIK6, STM32H562IIT6, STM32H562RGT6, STM32H562RGV6, STM32H562RIT6, STM32H562RIV6, STM32H562VGT6, STM32H562VIT6, STM32H562ZGT6, STM32H562ZIT6, STM32H563AGI6, STM32H563AII3Q, STM32H563AII6, STM32H563IGK6, STM32H563IGT6, STM32H563IIK3Q, STM32H563IIK6, STM32H563IIT3Q, STM32H563IIT6, STM32H563MIY3QTR, STM32H563RGT6, STM32H563RGV6, STM32H563RIT6, STM32H563RIV6, STM32H563VGT6, STM32H563VIT3Q, STM32H563VIT6, STM32H563ZGT6, STM32H563ZIT3Q, STM32H563ZIT6, STM32H573AII3Q, STM32H573AII6, STM32H573I-DK, STM32H573IIK3Q, STM32H573IIK6, STM32H573IIT3Q, STM32H573IIT6, STM32H573MIY3QTR, STM32H573RIT6, STM32H573RIV6, STM32H573VIT3Q, STM32H573VIT6, STM32H573ZIT3Q, STM32H573ZIT6, STM32L4R5QGI6STR, STM32MP131AAE3, STM32MP131AAF3, STM32MP131AAG3, STM32MP131CAE3, STM32MP131CAF3, STM32MP131CAG3, STM32MP131DAE7, STM32MP131DAF7, STM32MP131DAG7, STM32MP131FAE7, STM32MP131FAF7, STM32MP131FAG7, STM32MP133AAE3, STM32MP133AAF3, STM32MP133AAG3, STM32MP133CAE3, STM32MP133CAF3, STM32MP133CAG3, STM32MP133DAE7, STM32MP133DAF7, STM32MP133DAG7, STM32MP133FAE7, STM32MP133FAF7, STM32MP133FAG7, STM32MP135AAE3, STM32MP135AAF3, STM32MP135AAG3, STM32MP135CAE3, STM32MP135CAF3, STM32MP135CAG3, STM32MP135DAE7, STM32MP135DAF7, STM32MP135DAG7, STM32MP135F-DK, STM32MP135FAE7, STM32MP135FAF7, STM32MP135FAF7T, STM32MP135FAF7U, STM32MP135FAG7, STM32U535CBT6, STM32U535CBT6Q, STM32U535CBU6, STM32U535CBU6Q, STM32U535CCT6, STM32U535CCT6Q, STM32U535CCU6, STM32U535CCU6Q, STM32U535CET6, STM32U535CET6Q, STM32U535CEU6, STM32U535CEU6Q, STM32U535JEY6QTR, STM32U535NCY6QTR, STM32U535NEY6QTR, STM32U535RBI6, STM32U535RBI6Q, STM32U535RBT6, STM32U535RBT6Q, STM32U535RCI6, STM32U535RCI6Q, STM32U535RCT6, STM32U535RCT6Q, STM32U535REI6, STM32U535REI6Q, STM32U535RET6, STM32U535RET6Q, STM32U535VCI6, STM32U535VCI6Q, STM32U535VCT6, STM32U535VCT6Q, STM32U535VEI6, STM32U535VEI6Q, STM32U535VET6, STM32U535VET6Q, STM32U545CET6, STM32U545CET6Q, STM32U545CEU6, STM32U545CEU6Q, STM32U545JEY6QTR, STM32U545NEY6QTR, STM32U545REI6, STM32U545REI6Q, STM32U545RET6, STM32U545RET6Q, STM32U545VEI6, STM32U545VEI6Q, STM32U545VET6, STM32U545VET6Q, STM32U595AIH6, STM32U595AIH6Q, STM32U595AJH6, STM32U595AJH6Q, STM32U595QII6, STM32U595QII6Q, STM32U595QJI6, STM32U595QJI6Q, STM32U595RIT6, STM32U595RIT6Q, STM32U595RJT6, STM32U595RJT6Q, STM32U595VIT6, STM32U595VIT6Q, STM32U595VJT6, STM32U595VJT6Q, STM32U595ZIT6, STM32U595ZIT6Q, STM32U595ZIY6QTR, STM32U595ZJT6, STM32U595ZJT6Q, STM32U595ZJY6QTR, STM32U599BJY6QTR, STM32U599NIH6Q, STM32U599NJH6Q, STM32U599VIT6Q, STM32U599VJT6, STM32U599VJT6Q, STM32U599ZIT6Q, STM32U599ZIY6QTR, STM32U599ZJT6Q, STM32U599ZJY6QTR, STM32U5A5AJH6, STM32U5A5AJH6Q, STM32U5A5QJI6, STM32U5A5QJI6Q, STM32U5A5RJT6, STM32U5A5RJT6Q, STM32U5A5VJT6, STM32U5A5VJT6Q, STM32U5A5ZJT6, STM32U5A5ZJT6Q, STM32U5A5ZJY6QTR, STM32U5A9BJY6QTR, STM32U5A9J-DK, STM32U5A9NJH6Q, STM32U5A9VJT6Q, STM32U5A9ZJT6Q, STM32U5A9ZJY6QTR, STM32U5F7VIT6, STM32U5F7VIT6Q, STM32U5F7VJT6, STM32U5F7VJT6Q, STM32U5F9BJY6QTR, STM32U5F9NJH6Q, STM32U5F9VIT6Q, STM32U5F9VJT6Q, STM32U5F9ZIJ6QTR, STM32U5F9ZIT6Q, STM32U5F9ZJJ6QTR, STM32U5F9ZJT6Q, STM32U5G7VJT6, STM32U5G7VJT6Q, STM32U5G9BJY6QTR, STM32U5G9J-DK1, STM32U5G9J-DK2, STM32U5G9NJH6Q, STM32U5G9VJT6Q, STM32U5G9ZJJ6QTR, STM32U5G9ZJT6Q, STM32WB1MMCH6, STM32WBA52CEU6, STM32WBA52CEU6T, STM32WBA52CGU6, STM32WBA52CGU6T, STM32WBA52KEU6, STM32WBA52KEU6T, STM32WBA52KGU6, STM32WBA52KGU6T, STM32WL5MOCH6, STM32WL5MOCH6TR]
2023-08-11 11:21:05,393 [INFO] DbMcus:217 - Found 3848 MCUs, 3848 are supported
2023-08-11 11:21:05,394 [INFO] ApiDb:423 - Load user favorites file C:\Users\fishc/.stm32cubeide/favorites.mcus.txt: 0 item(s)
2023-08-11 11:21:05,394 [INFO] ApiDb:427 - User favorites MCUs=[]
2023-08-11 11:21:05,395 [INFO] DbMcus:223 - Set 0 / 0 favorites MCUs
2023-08-11 11:21:05,880 [WARN] ThirdParty:833 - waiting for thirdparty lock release [change project]
2023-08-11 11:21:05,880 [INFO] ThirdParty:835 - entering critical section [change project]
2023-08-11 11:21:05,880 [INFO] ThirdParty:1030 - CMSIS Pack Vendor :STMicroelectronics X-CUBE-ISPU 1.1.0
2023-08-11 11:21:05,880 [INFO] ThirdParty:1030 - CMSIS Pack Vendor :STMicroelectronics USBPD 4.1
2023-08-11 11:21:05,880 [INFO] ThirdParty:1030 - CMSIS Pack Vendor :RoweBots I-CUBE-UNISONRTOS 5.5.0-4
2023-08-11 11:21:05,881 [INFO] ThirdParty:1030 - CMSIS Pack Vendor :STMicroelectronics X-CUBE-GNSS1 6.0.0
2023-08-11 11:21:05,881 [INFO] ThirdParty:1030 - CMSIS Pack Vendor :STMicroelectronics X-CUBE-AZRTOS-H7 2.1.0
2023-08-11 11:21:05,881 [INFO] ThirdParty:1030 - CMSIS Pack Vendor :STMicroelectronics USB_HOST 2.0.0
2023-08-11 11:21:05,881 [INFO] ThirdParty:1030 - CMSIS Pack Vendor :STMicroelectronics X-CUBE-AZRTOS-F4 1.1.0
2023-08-11 11:21:05,881 [INFO] ThirdParty:1030 - CMSIS Pack Vendor :STMicroelectronics LIBJPEG 8.0.0
2023-08-11 11:21:05,881 [INFO] ThirdParty:1030 - CMSIS Pack Vendor :wolfSSL I-CUBE-wolfSSL 5.4.0
2023-08-11 11:21:05,882 [INFO] ThirdParty:1030 - CMSIS Pack Vendor :STMicroelectronics X-CUBE-SMBUS 2.1.0
2023-08-11 11:21:05,882 [INFO] ThirdParty:1030 - CMSIS Pack Vendor :STMicroelectronics USB_DEVICE 3.0.0
2023-08-11 11:21:05,882 [INFO] ThirdParty:1030 - CMSIS Pack Vendor :STMicroelectronics X-CUBE-FREERTOS 1.0.1
2023-08-11 11:21:05,882 [INFO] ThirdParty:1030 - CMSIS Pack Vendor :STMicroelectronics X-CUBE-BLEMGR 1.0.0
2023-08-11 11:21:05,882 [INFO] ThirdParty:1030 - CMSIS Pack Vendor :STMicroelectronics X-CUBE-MEMS1 9.2.0
2023-08-11 11:21:05,882 [INFO] ThirdParty:1030 - CMSIS Pack Vendor :STMicroelectronics X-CUBE-AZRTOS-F7 1.1.0
2023-08-11 11:21:05,882 [INFO] ThirdParty:1030 - CMSIS Pack Vendor :STMicroelectronics USB_DEVICE 2.0.0
2023-08-11 11:21:05,882 [INFO] ThirdParty:1030 - CMSIS Pack Vendor :STMicroelectronics X-CUBE-MEMS1 9.6.0
2023-08-11 11:21:05,882 [INFO] ThirdParty:1030 - CMSIS Pack Vendor :STMicroelectronics FP-SNS-MOTENV1 4.3.2
2023-08-11 11:21:05,882 [INFO] ThirdParty:1030 - CMSIS Pack Vendor :STMicroelectronics X-CUBE-BLE1 6.2.3
2023-08-11 11:21:05,882 [INFO] ThirdParty:1030 - CMSIS Pack Vendor :STMicroelectronics X-CUBE-ALGOBUILD 1.3.0
2023-08-11 11:21:05,882 [INFO] ThirdParty:1030 - CMSIS Pack Vendor :STMicroelectronics X-CUBE-BLE1 6.2.4
2023-08-11 11:21:05,882 [INFO] ThirdParty:1030 - CMSIS Pack Vendor :STMicroelectronics X-CUBE-AZRTOS-L5 1.1.0
2023-08-11 11:21:05,882 [INFO] ThirdParty:1030 - CMSIS Pack Vendor :STMicroelectronics FreeRTOS 0.0.1
2023-08-11 11:21:05,883 [INFO] ThirdParty:1030 - CMSIS Pack Vendor :STMicroelectronics X-CUBE-AZRTOS-G0 1.1.0
2023-08-11 11:21:05,883 [INFO] ThirdParty:1030 - CMSIS Pack Vendor :STMicroelectronics X-CUBE-BLEMGR 2.0.0
2023-08-11 11:21:05,883 [INFO] ThirdParty:1030 - CMSIS Pack Vendor :STMicroelectronics X-CUBE-AI 8.0.1
2023-08-11 11:21:05,883 [INFO] ThirdParty:1030 - CMSIS Pack Vendor :STMicroelectronics X-CUBE-SUBG2 5.0.0
2023-08-11 11:21:05,883 [INFO] ThirdParty:1030 - CMSIS Pack Vendor :STMicroelectronics X-CUBE-NFC4 3.0.0
2023-08-11 11:21:05,883 [INFO] ThirdParty:1030 - CMSIS Pack Vendor :SEGGER I-CUBE-embOS 1.2.0
2023-08-11 11:21:05,883 [INFO] ThirdParty:1030 - CMSIS Pack Vendor :STMicroelectronics STM32_WPAN 1.0.0
2023-08-11 11:21:05,883 [INFO] ThirdParty:1030 - CMSIS Pack Vendor :STMicroelectronics lwIP 2.0.3
2023-08-11 11:21:05,883 [INFO] ThirdParty:1030 - CMSIS Pack Vendor :STMicroelectronics FP-SNS-FLIGHT1 5.0.2
2023-08-11 11:21:05,883 [INFO] ThirdParty:1030 - CMSIS Pack Vendor :STMicroelectronics X-CUBE-NFC4 2.0.4
2023-08-11 11:21:05,883 [INFO] ThirdParty:1030 - CMSIS Pack Vendor :STMicroelectronics USB_HOST 1.0.0
2023-08-11 11:21:05,883 [INFO] ThirdParty:1030 - CMSIS Pack Vendor :STMicroelectronics X-CUBE-TOF1 3.3.1
2023-08-11 11:21:05,883 [INFO] ThirdParty:1030 - CMSIS Pack Vendor :STMicroelectronics X-CUBE-AZRTOS-G4 2.0.0
2023-08-11 11:21:05,883 [INFO] ThirdParty:1030 - CMSIS Pack Vendor :STMicroelectronics PDM2PCM 3.1.0
2023-08-11 11:21:05,883 [INFO] ThirdParty:1030 - CMSIS Pack Vendor :STMicroelectronics X-CUBE-AZRTOS-H7 3.1.0
2023-08-11 11:21:05,883 [INFO] ThirdParty:1030 - CMSIS Pack Vendor :STMicroelectronics PDM2PCM 3.3.0
2023-08-11 11:21:05,883 [INFO] ThirdParty:1030 - CMSIS Pack Vendor :STMicroelectronics X-CUBE-TOF1 3.1.0
2023-08-11 11:21:05,884 [INFO] ThirdParty:1030 - CMSIS Pack Vendor :STMicroelectronics FP-ATR-ASTRA1 1.1.0
2023-08-11 11:21:05,884 [INFO] ThirdParty:1030 - CMSIS Pack Vendor :STMicroelectronics X-CUBE-DISPLAY 3.0.0
2023-08-11 11:21:05,884 [INFO] ThirdParty:1030 - CMSIS Pack Vendor :STMicroelectronics X-CUBE-AZRTOS-F4 1.0.0
2023-08-11 11:21:05,884 [INFO] ThirdParty:1030 - CMSIS Pack Vendor :STMicroelectronics X-CUBE-AZRTOS-G4 1.0.0
2023-08-11 11:21:05,884 [INFO] ThirdParty:1030 - CMSIS Pack Vendor :STMicroelectronics FP-ATR-SIGFOX1 3.2.0
2023-08-11 11:21:05,884 [INFO] ThirdParty:1030 - CMSIS Pack Vendor :STMicroelectronics X-CUBE-AZRTOS-L4 1.0.0
2023-08-11 11:21:05,884 [INFO] ThirdParty:1030 - CMSIS Pack Vendor :STMicroelectronics HAL Drivers 0.0.0
2023-08-11 11:21:05,884 [INFO] ThirdParty:1030 - CMSIS Pack Vendor :STMicroelectronics MBEDTLS 2.16.2
2023-08-11 11:21:05,884 [INFO] ThirdParty:1030 - CMSIS Pack Vendor :emotas I-CUBE-CANOPEN 1.1.2
2023-08-11 11:21:05,884 [INFO] ThirdParty:1030 - CMSIS Pack Vendor :STMicroelectronics X-CUBE-TOUCHGFX 4.20.0
2023-08-11 11:21:05,884 [INFO] ThirdParty:1030 - CMSIS Pack Vendor :STMicroelectronics X-CUBE-TOUCHGFX 4.22.0
2023-08-11 11:21:05,884 [INFO] ThirdParty:1030 - CMSIS Pack Vendor :STMicroelectronics X-CUBE-NFC7 1.0.1
2023-08-11 11:21:05,884 [INFO] ThirdParty:1030 - CMSIS Pack Vendor :STMicroelectronics MBEDTLS 2.14.1
2023-08-11 11:21:05,884 [INFO] ThirdParty:1030 - CMSIS Pack Vendor :STMicroelectronics X-CUBE-NFC7 1.0.0
2023-08-11 11:21:05,884 [INFO] ThirdParty:1030 - CMSIS Pack Vendor :STMicroelectronics X-CUBE-AZRTOS-WL 1.0.0
2023-08-11 11:21:05,884 [INFO] ThirdParty:1030 - CMSIS Pack Vendor :STMicroelectronics X-CUBE-EEPRMA1 4.1.0
2023-08-11 11:21:05,884 [INFO] ThirdParty:1030 - CMSIS Pack Vendor :portGmbH I-Cube-SoM-uGOAL 1.1.0
2023-08-11 11:21:05,884 [INFO] ThirdParty:1030 - CMSIS Pack Vendor :STMicroelectronics X-CUBE-ALS 1.0.1
2023-08-11 11:21:05,885 [INFO] ThirdParty:1030 - CMSIS Pack Vendor :STMicroelectronics X-CUBE-AI 7.2.0
2023-08-11 11:21:05,885 [INFO] ThirdParty:1030 - CMSIS Pack Vendor :STMicroelectronics ThreadX 1.0.0
2023-08-11 11:21:05,885 [INFO] ThirdParty:1030 - CMSIS Pack Vendor :STMicroelectronics X-CUBE-AZRTOS-WB 1.1.0
2023-08-11 11:21:05,885 [INFO] ThirdParty:1030 - CMSIS Pack Vendor :STMicroelectronics X-CUBE-AZRTOS-WL 2.0.0
2023-08-11 11:21:05,885 [INFO] ThirdParty:1030 - CMSIS Pack Vendor :SEGGER I-CUBE-embOS 1.3.1
2023-08-11 11:21:05,885 [INFO] ThirdParty:1030 - CMSIS Pack Vendor :STMicroelectronics X-CUBE-AZRTOS-L5 1.0.0
2023-08-11 11:21:05,885 [INFO] ThirdParty:1030 - CMSIS Pack Vendor :STMicroelectronics USB_DEVICE 1.0.0
2023-08-11 11:21:05,885 [INFO] ThirdParty:1030 - CMSIS Pack Vendor :STMicroelectronics X-CUBE-EEPRMA1 3.1.1
2023-08-11 11:21:05,885 [INFO] ThirdParty:1030 - CMSIS Pack Vendor :STMicroelectronics X-CUBE-AZRTOS-L4 2.0.0
2023-08-11 11:21:05,885 [INFO] ThirdParty:1030 - CMSIS Pack Vendor :STMicroelectronics ThreadX 0.0.2
2023-08-11 11:21:05,885 [INFO] ThirdParty:1030 - CMSIS Pack Vendor :WES I-CUBE-Cesium 1.3.0
2023-08-11 11:21:05,885 [INFO] ThirdParty:1030 - CMSIS Pack Vendor :STMicroelectronics FP-ATR-ASTRA1 2.0.0
2023-08-11 11:21:05,885 [INFO] ThirdParty:1030 - CMSIS Pack Vendor :STMicroelectronics lwIP 2.1.2
2023-08-11 11:21:05,885 [INFO] ThirdParty:1030 - CMSIS Pack Vendor :STMicroelectronics X-CUBE-SFXS2LP1 4.0.0
2023-08-11 11:21:05,885 [INFO] ThirdParty:1030 - CMSIS Pack Vendor :STMicroelectronics X-CUBE-BLE2 3.3.0
2023-08-11 11:21:05,885 [INFO] ThirdParty:1030 - CMSIS Pack Vendor :STMicroelectronics X-CUBE-DISPLAY 2.2.0
2023-08-11 11:21:05,885 [INFO] ThirdParty:1030 - CMSIS Pack Vendor :STMicroelectronics PDM2PCM 3.2.0
2023-08-11 11:21:05,886 [INFO] ThirdParty:841 - exiting critical section [change project]
2023-08-11 11:21:06,958 [INFO] PinOutPanel:1499 - setPackage(No Configuration,No Configuration)
2023-08-11 11:21:06,959 [INFO] PinOutPanel:1499 - setPackage(STM32G474RETx,LQFP64)
2023-08-11 11:21:08,483 [INFO] UtilMem:75 - Before build in PCC Used Memory: 782043168 Bytes (1073741824)
2023-08-11 11:21:10,205 [INFO] UtilMem:75 - After build in PCC Used Memory: 570714624 Bytes (1073741824)
2023-08-11 11:21:10,255 [INFO] IPUIPlugin:80 - create IPUIPlugin
2023-08-11 11:21:10,255 [INFO] IPUIPlugin:80 - create IPUIPlugin
2023-08-11 11:21:10,255 [INFO] IPUIPlugin:80 - create IPUIPlugin
2023-08-11 11:21:10,255 [INFO] IPUIPlugin:80 - create IPUIPlugin
2023-08-11 11:21:10,255 [INFO] IPUIPlugin:80 - create IPUIPlugin
2023-08-11 11:21:10,255 [INFO] IPUIPlugin:80 - create IPUIPlugin
2023-08-11 11:21:10,255 [INFO] IPUIPlugin:80 - create IPUIPlugin
2023-08-11 11:21:10,255 [INFO] IPUIPlugin:80 - create IPUIPlugin
2023-08-11 11:21:10,255 [INFO] IPUIPlugin:80 - create IPUIPlugin
2023-08-11 11:21:10,255 [INFO] IPUIPlugin:80 - create IPUIPlugin
2023-08-11 11:21:10,255 [INFO] IPUIPlugin:80 - create IPUIPlugin
2023-08-11 11:21:10,256 [INFO] IPUIPlugin:80 - create IPUIPlugin
2023-08-11 11:21:10,256 [INFO] IPUIPlugin:80 - create IPUIPlugin
2023-08-11 11:21:10,256 [INFO] IPUIPlugin:80 - create IPUIPlugin
2023-08-11 11:21:10,256 [INFO] IPUIPlugin:80 - create IPUIPlugin
2023-08-11 11:21:10,256 [INFO] IPUIPlugin:80 - create IPUIPlugin
2023-08-11 11:21:10,257 [INFO] IPUIPlugin:80 - create IPUIPlugin
2023-08-11 11:21:10,258 [INFO] IPUIPlugin:80 - create IPUIPlugin
2023-08-11 11:21:10,259 [INFO] IPUIPlugin:80 - create IPUIPlugin
2023-08-11 11:21:10,259 [INFO] IPUIPlugin:80 - create IPUIPlugin
2023-08-11 11:21:10,259 [INFO] IPUIPlugin:80 - create IPUIPlugin
2023-08-11 11:21:10,259 [INFO] IPUIPlugin:80 - create IPUIPlugin
2023-08-11 11:21:10,259 [INFO] IPUIPlugin:80 - create IPUIPlugin
2023-08-11 11:21:10,259 [INFO] IPUIPlugin:80 - create IPUIPlugin
2023-08-11 11:21:10,259 [INFO] IPUIPlugin:80 - create IPUIPlugin
2023-08-11 11:21:10,259 [INFO] IPUIPlugin:80 - create IPUIPlugin
2023-08-11 11:21:10,260 [INFO] IPUIPlugin:80 - create IPUIPlugin
2023-08-11 11:21:10,260 [INFO] IPUIPlugin:80 - create IPUIPlugin
2023-08-11 11:21:10,260 [INFO] IPUIPlugin:80 - create IPUIPlugin
2023-08-11 11:21:10,260 [INFO] IPUIPlugin:80 - create IPUIPlugin
2023-08-11 11:21:10,260 [INFO] IPUIPlugin:80 - create IPUIPlugin
2023-08-11 11:21:10,260 [INFO] IPUIPlugin:80 - create IPUIPlugin
2023-08-11 11:21:10,261 [INFO] IPUIPlugin:80 - create IPUIPlugin
2023-08-11 11:21:10,261 [INFO] IPUIPlugin:80 - create IPUIPlugin
2023-08-11 11:21:10,261 [INFO] IPUIPlugin:80 - create IPUIPlugin
2023-08-11 11:21:10,261 [INFO] IPUIPlugin:80 - create IPUIPlugin
2023-08-11 11:21:10,261 [INFO] IPUIPlugin:80 - create IPUIPlugin
2023-08-11 11:21:10,262 [INFO] IPUIPlugin:80 - create IPUIPlugin
2023-08-11 11:21:10,262 [INFO] IPUIPlugin:80 - create IPUIPlugin
2023-08-11 11:21:10,262 [INFO] IPUIPlugin:80 - create IPUIPlugin
2023-08-11 11:21:10,263 [INFO] IPUIPlugin:80 - create IPUIPlugin
2023-08-11 11:21:10,263 [INFO] IPUIPlugin:80 - create IPUIPlugin
2023-08-11 11:21:10,263 [INFO] IPUIPlugin:80 - create IPUIPlugin
2023-08-11 11:21:10,264 [INFO] IPUIPlugin:80 - create IPUIPlugin
2023-08-11 11:21:10,274 [INFO] IPUIPlugin:80 - create IPUIPlugin
2023-08-11 11:21:10,275 [INFO] IPUIPlugin:80 - create IPUIPlugin
2023-08-11 11:21:10,280 [INFO] IPUIPlugin:80 - create IPUIPlugin
2023-08-11 11:21:10,280 [INFO] IPUIPlugin:80 - create IPUIPlugin
2023-08-11 11:21:10,281 [INFO] IPUIPlugin:80 - create IPUIPlugin
2023-08-11 11:21:10,281 [INFO] IPUIPlugin:80 - create IPUIPlugin
2023-08-11 11:21:10,281 [INFO] IPUIPlugin:80 - create IPUIPlugin
2023-08-11 11:21:10,282 [INFO] IPUIPlugin:80 - create IPUIPlugin
2023-08-11 11:21:10,282 [INFO] IPUIPlugin:80 - create IPUIPlugin
2023-08-11 11:21:10,283 [INFO] IPUIPlugin:80 - create IPUIPlugin
2023-08-11 11:21:10,283 [INFO] IPUIPlugin:80 - create IPUIPlugin
2023-08-11 11:21:10,283 [INFO] IPUIPlugin:80 - create IPUIPlugin
2023-08-11 11:21:10,284 [INFO] IPUIPlugin:80 - create IPUIPlugin
2023-08-11 11:21:10,284 [INFO] IPUIPlugin:80 - create IPUIPlugin
2023-08-11 11:21:10,285 [INFO] IPUIPlugin:80 - create IPUIPlugin
2023-08-11 11:21:10,285 [INFO] IPUIPlugin:80 - create IPUIPlugin
2023-08-11 11:21:10,286 [INFO] IPUIPlugin:80 - create IPUIPlugin
2023-08-11 11:21:10,286 [INFO] IPUIPlugin:80 - create IPUIPlugin
2023-08-11 11:21:10,286 [INFO] IPUIPlugin:80 - create IPUIPlugin
2023-08-11 11:21:10,287 [INFO] IPUIPlugin:80 - create IPUIPlugin
2023-08-11 11:21:10,287 [INFO] IPUIPlugin:80 - create IPUIPlugin
2023-08-11 11:21:10,287 [INFO] IPUIPlugin:80 - create IPUIPlugin
2023-08-11 11:21:10,288 [INFO] IPUIPlugin:80 - create IPUIPlugin
2023-08-11 11:21:10,288 [INFO] IPUIPlugin:80 - create IPUIPlugin
2023-08-11 11:21:10,288 [INFO] IPUIPlugin:80 - create IPUIPlugin
2023-08-11 11:21:10,289 [INFO] IPUIPlugin:80 - create IPUIPlugin
2023-08-11 11:21:10,289 [INFO] IPUIPlugin:80 - create IPUIPlugin
2023-08-11 11:21:10,290 [INFO] IPUIPlugin:80 - create IPUIPlugin
2023-08-11 11:21:10,290 [INFO] IPUIPlugin:80 - create IPUIPlugin
2023-08-11 11:21:10,291 [INFO] IPUIPlugin:80 - create IPUIPlugin
2023-08-11 11:21:10,291 [INFO] IPUIPlugin:80 - create IPUIPlugin
2023-08-11 11:21:10,292 [INFO] IPUIPlugin:80 - create IPUIPlugin
2023-08-11 11:21:10,293 [INFO] IPUIPlugin:80 - create IPUIPlugin
2023-08-11 11:21:10,594 [INFO] CADModel:165 - CPN selected for project levelSTM32G474RET6
2023-08-11 11:21:10,594 [INFO] CADModel:114 - Register for checkConnection events
2023-08-11 11:21:10,654 [INFO] OpenFileManager:328 - Restore cursor
2023-08-11 11:26:54,748 [INFO] LogOutputStream:77 - [STDOUT_REDIRECT] StartTraceHandler.execute(), success : Collect=true
2023-08-11 11:41:30,832 [INFO] LogOutputStream:77 - [STDOUT_REDIRECT] StartTraceHandler.execute(), success : Collect=false
2023-08-11 11:41:32,479 [INFO] LogOutputStream:77 - [STDOUT_REDIRECT] StartTraceHandler.execute(), success : Collect=true
2023-08-11 11:45:23,970 [ERROR] LogOutputStream:75 - [STDERR_REDIRECT] Exception in thread "SWV client thread" java.lang.NullPointerException: Cannot invoke "com.st.stm32cube.ide.mcu.debug.swv.core.SWVPlugin.isDebugging()" because "com.st.stm32cube.ide.mcu.debug.swv.core.SWVPlugin.plugin" is null
2023-08-11 11:45:23,971 [ERROR] LogOutputStream:75 - [STDERR_REDIRECT] 	at com.st.stm32cube.ide.mcu.debug.swv.core.SWVPlugin.debugTrace(SWVPlugin.java:85)
2023-08-11 11:45:23,974 [ERROR] LogOutputStream:75 - [STDERR_REDIRECT] 	at com.st.stm32cube.ide.mcu.debug.swv.core.SWVClient.TRACE(SWVClient.java:768)
2023-08-11 11:45:23,978 [ERROR] LogOutputStream:75 - [STDERR_REDIRECT] 	at com.st.stm32cube.ide.mcu.debug.swv.core.SWVClient.createInstrumentationPacket(SWVClient.java:625)
2023-08-11 11:45:23,981 [ERROR] LogOutputStream:75 - [STDERR_REDIRECT] 	at com.st.stm32cube.ide.mcu.debug.swv.core.SWVClient.run(SWVClient.java:376)
2023-08-11 17:10:13,056 [INFO] Activator:176 - 


2023-08-11 17:10:13,059 [INFO] Activator:177 - !SESSION log4j initialized
2023-08-11 17:10:21,429 [INFO] LogOutputStream:77 - [STDOUT_REDIRECT] 
2023-08-11 17:10:30,339 [INFO] ApplicationProperties:184 - Using Application install path: F:\STM32CubeIDE_1.13.1\STM32CubeIDE\plugins\com.st.stm32cube.common.mx_6.9.1.202307191849
2023-08-11 17:10:30,357 [INFO] DbMcusXml:78 - Set database path to: F:\STM32CubeIDE_1.13.1\STM32CubeIDE\plugins\com.st.stm32cube.common.mx_6.9.1.202307191849\\db\/mcu/
2023-08-11 17:10:30,357 [INFO] ApiDb:274 - Set plugin database path to: F:\STM32CubeIDE_1.13.1\STM32CubeIDE\plugins\com.st.stm32cube.common.mx_6.9.1.202307191849\\db\/plugins/boardmanager/
2023-08-11 17:10:30,358 [WARN] ApiDb:259 - Overriding images path with different value:  => F:\STM32CubeIDE_1.13.1\STM32CubeIDE\plugins\com.st.stm32cube.common.mx_6.9.1.202307191849\\db\/plugins/mcufinder/images/
2023-08-11 17:10:30,371 [INFO] ApiDb:250 - Set database path to: C:\Users\fishc\.stmcufinder\plugins\mcufinder//mcu/
2023-08-11 17:10:30,373 [INFO] DbMcusAds:125 - Set database path to: C:\Users\fishc\.stmcufinder\plugins\mcufinder//mcu/
2023-08-11 17:10:30,375 [INFO] CrossReferenceDbSqlite:203 - Set database path to: C:\Users\fishc\.stmcufinder\plugins\mcufinder//mcu/cs/
2023-08-11 17:10:30,558 [INFO] RulesReader:64 - Compatibility file has been processed (293 Rules)
2023-08-11 17:10:30,721 [INFO] DbMcusXml:78 - Set database path to: F:\STM32CubeIDE_1.13.1\STM32CubeIDE\plugins\com.st.stm32cube.common.mx_6.9.1.202307191849\\db\/mcu/
2023-08-11 17:10:30,721 [INFO] ApiDb:274 - Set plugin database path to: F:\STM32CubeIDE_1.13.1\STM32CubeIDE\plugins\com.st.stm32cube.common.mx_6.9.1.202307191849\\db\/plugins/boardmanager/
2023-08-11 17:10:30,721 [INFO] ApiDb:261 - Set plugin images path to: F:\STM32CubeIDE_1.13.1\STM32CubeIDE\plugins\com.st.stm32cube.common.mx_6.9.1.202307191849\\db\/plugins/mcufinder/images/
2023-08-11 17:10:30,722 [WARN] DbFile:41 - Overriding database path with different value: C:\Users\fishc\.stmcufinder\plugins\mcufinder/ => C:\Users\fishc\.stmcufinder\plugins\mcufinder
2023-08-11 17:10:30,722 [INFO] ApiDb:250 - Set database path to: C:\Users\fishc\.stmcufinder\plugins\mcufinder//mcu/
2023-08-11 17:10:30,722 [WARN] DbFile:41 - Overriding database path with different value: C:\Users\fishc\.stmcufinder\plugins\mcufinder/ => C:\Users\fishc\.stmcufinder\plugins\mcufinder
2023-08-11 17:10:30,722 [INFO] DbMcusAds:125 - Set database path to: C:\Users\fishc\.stmcufinder\plugins\mcufinder//mcu/
2023-08-11 17:10:30,722 [WARN] DbFile:41 - Overriding database path with different value: C:\Users\fishc\.stmcufinder\plugins\mcufinder/ => C:\Users\fishc\.stmcufinder\plugins\mcufinder
2023-08-11 17:10:30,722 [WARN] DbFile:41 - Overriding database path with different value: C:\Users\fishc\.stmcufinder\plugins\mcufinder/ => C:\Users\fishc\.stmcufinder\plugins\mcufinder
2023-08-11 17:10:30,722 [INFO] CrossReferenceDbSqlite:203 - Set database path to: C:\Users\fishc\.stmcufinder\plugins\mcufinder//mcu/cs/
2023-08-11 17:10:30,859 [INFO] MainPanel:262 - HeapMemory: 268435456
2023-08-11 17:10:30,952 [INFO] DbMcusXml:78 - Set database path to: F:\STM32CubeIDE_1.13.1\STM32CubeIDE\plugins\com.st.stm32cube.common.mx_6.9.1.202307191849\\db\/mcu/
2023-08-11 17:10:30,952 [INFO] ApiDb:274 - Set plugin database path to: F:\STM32CubeIDE_1.13.1\STM32CubeIDE\plugins\com.st.stm32cube.common.mx_6.9.1.202307191849\\db\/plugins/boardmanager/
2023-08-11 17:10:30,952 [INFO] ApiDb:261 - Set plugin images path to: F:\STM32CubeIDE_1.13.1\STM32CubeIDE\plugins\com.st.stm32cube.common.mx_6.9.1.202307191849\\db\/plugins/mcufinder/images/
2023-08-11 17:10:30,953 [WARN] DbFile:41 - Overriding database path with different value: C:\Users\fishc\.stmcufinder\plugins\mcufinder/ => C:\Users\fishc\.stmcufinder\plugins\mcufinder
2023-08-11 17:10:30,953 [INFO] ApiDb:250 - Set database path to: C:\Users\fishc\.stmcufinder\plugins\mcufinder//mcu/
2023-08-11 17:10:30,953 [WARN] DbFile:41 - Overriding database path with different value: C:\Users\fishc\.stmcufinder\plugins\mcufinder/ => C:\Users\fishc\.stmcufinder\plugins\mcufinder
2023-08-11 17:10:30,953 [INFO] DbMcusAds:125 - Set database path to: C:\Users\fishc\.stmcufinder\plugins\mcufinder//mcu/
2023-08-11 17:10:30,953 [WARN] DbFile:41 - Overriding database path with different value: C:\Users\fishc\.stmcufinder\plugins\mcufinder/ => C:\Users\fishc\.stmcufinder\plugins\mcufinder
2023-08-11 17:10:30,953 [WARN] DbFile:41 - Overriding database path with different value: C:\Users\fishc\.stmcufinder\plugins\mcufinder/ => C:\Users\fishc\.stmcufinder\plugins\mcufinder
2023-08-11 17:10:30,953 [INFO] CrossReferenceDbSqlite:203 - Set database path to: C:\Users\fishc\.stmcufinder\plugins\mcufinder//mcu/cs/
2023-08-11 17:10:30,986 [INFO] ApplicationProperties:184 - Using Application install path: F:\STM32CubeIDE_1.13.1\STM32CubeIDE\plugins\com.st.stm32cube.common.mx_6.9.1.202307191849
2023-08-11 17:10:30,987 [INFO] PluginManage:196 - Search for loadable plugins [exclusion list=, ]
2023-08-11 17:10:30,989 [INFO] PluginManage:310 - Check plugin analytics
2023-08-11 17:10:35,749 [INFO] AnalyticsPlugin:253 - Accepted Software Licenses: 
2023-08-11 17:10:35,750 [INFO] AnalyticsPlugin:255 - Accepted CMSIS Pack Licenses: 
2023-08-11 17:10:35,750 [INFO] AnalyticsPlugin:257 - Accepted Firmware Licenses: FW.G4.1.5.0
2023-08-11 17:10:35,753 [INFO] PluginManage:359 - Loaded plugin analytics (category:tool,tabindex:-1)
2023-08-11 17:10:35,754 [INFO] PluginManage:310 - Check plugin cadmodel
2023-08-11 17:10:35,768 [INFO] CADModel:105 - Init CAD model plugin
2023-08-11 17:10:35,768 [INFO] PluginManage:359 - Loaded plugin cadmodel (category:power,tabindex:5)
2023-08-11 17:10:35,768 [INFO] PluginManage:310 - Check plugin clock
2023-08-11 17:10:35,788 [INFO] PluginManage:359 - Loaded plugin clock (category:base,tabindex:2)
2023-08-11 17:10:35,788 [INFO] PluginManage:310 - Check plugin ddr
2023-08-11 17:10:35,790 [INFO] PluginManage:359 - Loaded plugin ddr (category:tool,tabindex:6)
2023-08-11 17:10:35,790 [INFO] PluginManage:310 - Check plugin filemanager
2023-08-11 17:10:35,928 [INFO] PluginManage:359 - Loaded plugin filemanager (category:base,tabindex:10)
2023-08-11 17:10:35,929 [INFO] PluginManage:310 - Check plugin ipmanager
2023-08-11 17:10:35,953 [INFO] PluginManage:359 - Loaded plugin ipmanager (category:base,tabindex:5)
2023-08-11 17:10:35,953 [INFO] PluginManage:310 - Check plugin lpbam
2023-08-11 17:10:35,971 [INFO] PluginManage:359 - Loaded plugin lpbam (category:base,tabindex:0)
2023-08-11 17:10:35,971 [INFO] PluginManage:310 - Check plugin memorymap
2023-08-11 17:10:35,994 [INFO] PluginManage:359 - Loaded plugin memorymap (category:base,tabindex:4)
2023-08-11 17:10:35,995 [INFO] PluginManage:310 - Check plugin pinoutandconfiguration
2023-08-11 17:10:36,012 [INFO] PluginManage:359 - Loaded plugin pinoutandconfiguration (category:base,tabindex:1)
2023-08-11 17:10:36,012 [INFO] PluginManage:310 - Check plugin pinoutconfig
2023-08-11 17:10:36,125 [WARN] SupportedApi:132 - Cannot load RTOS API schema: s4s-elt-must-match.1: The content of 'definitions' must match (annotation?, (simpleType | complexType)?, (unique | key | keyref)*)). A problem was found starting at: attribute.
2023-08-11 17:10:36,263 [INFO] PluginManage:359 - Loaded plugin pinoutconfig (category:base,tabindex:0)
2023-08-11 17:10:36,263 [INFO] PluginManage:310 - Check plugin power
2023-08-11 17:10:36,284 [INFO] PluginManage:359 - Loaded plugin power (category:power,tabindex:4)
2023-08-11 17:10:36,284 [INFO] PluginManage:310 - Check plugin projectmanager
2023-08-11 17:10:36,300 [INFO] PluginManage:359 - Loaded plugin projectmanager (category:projectmanager,tabindex:3)
2023-08-11 17:10:36,300 [INFO] PluginManage:310 - Check plugin thirdparty
2023-08-11 17:10:36,555 [INFO] PluginManage:359 - Loaded plugin thirdparty (category:base,tabindex:-1)
2023-08-11 17:10:36,555 [INFO] PluginManage:310 - Check plugin tools
2023-08-11 17:10:36,555 [WARN] IntegrityCheckThread:84 - waiting for thirdparty lock release [integrity check]
2023-08-11 17:10:36,556 [INFO] IntegrityCheckThread:86 - entering critical section [integrity check]
2023-08-11 17:10:36,557 [INFO] ThirdPartyUpdaterWithRetryManager:70 - Updater plugin not ready yet. [1/15]
2023-08-11 17:10:36,593 [INFO] PluginManage:359 - Loaded plugin tools (category:base,tabindex:7)
2023-08-11 17:10:36,593 [INFO] PluginManage:310 - Check plugin tutovideos
2023-08-11 17:10:36,792 [INFO] PluginManage:359 - Loaded plugin tutovideos (category:base,tabindex:-1)
2023-08-11 17:10:36,793 [INFO] PluginManage:310 - Check plugin updater
2023-08-11 17:10:36,803 [INFO] PluginManage:359 - Loaded plugin updater (category:base,tabindex:12)
2023-08-11 17:10:36,804 [INFO] PluginManage:310 - Check plugin userauth
2023-08-11 17:10:36,809 [INFO] UserAuth:113 - Init User Auth plugin
2023-08-11 17:10:36,809 [INFO] PluginManage:359 - Loaded plugin userauth (category:base,tabindex:14)
2023-08-11 17:10:36,810 [INFO] PluginManage:283 - PluginManage : Loaded plugins [17]
2023-08-11 17:10:37,158 [INFO] PinOutPanel:1499 - setPackage(No Configuration,No Configuration)
2023-08-11 17:10:37,377 [INFO] CADModel:165 - CPN selected for project level
2023-08-11 17:10:37,377 [INFO] CADModel:114 - Register for checkConnection events
2023-08-11 17:10:37,401 [INFO] IPUIPlugin:80 - create IPUIPlugin
2023-08-11 17:10:37,401 [INFO] PluginManager:220 - loadIPPluginJar : add adc
2023-08-11 17:10:37,436 [INFO] IPUIPlugin:80 - create IPUIPlugin
2023-08-11 17:10:37,436 [INFO] PluginManager:220 - loadIPPluginJar : add aes
2023-08-11 17:10:37,479 [INFO] IPUIPlugin:80 - create IPUIPlugin
2023-08-11 17:10:37,479 [INFO] PluginManager:220 - loadIPPluginJar : add can
2023-08-11 17:10:37,501 [INFO] IPUIPlugin:80 - create IPUIPlugin
2023-08-11 17:10:37,501 [INFO] PluginManager:220 - loadIPPluginJar : add comp
2023-08-11 17:10:37,534 [INFO] IPUIPlugin:80 - create IPUIPlugin
2023-08-11 17:10:37,534 [INFO] PluginManager:220 - loadIPPluginJar : add cryp
2023-08-11 17:10:37,564 [INFO] IPUIPlugin:80 - create IPUIPlugin
2023-08-11 17:10:37,564 [INFO] PluginManager:220 - loadIPPluginJar : add dfsdm
2023-08-11 17:10:37,579 [INFO] IPUIPlugin:80 - create IPUIPlugin
2023-08-11 17:10:37,579 [INFO] PluginManager:220 - loadIPPluginJar : add dma
2023-08-11 17:10:37,625 [INFO] IPUIPlugin:80 - create IPUIPlugin
2023-08-11 17:10:37,625 [INFO] PluginManager:220 - loadIPPluginJar : add dma3
2023-08-11 17:10:37,646 [INFO] IPUIPlugin:80 - create IPUIPlugin
2023-08-11 17:10:37,646 [INFO] PluginManager:220 - loadIPPluginJar : add fatfs
2023-08-11 17:10:37,694 [INFO] IPUIPlugin:80 - create IPUIPlugin
2023-08-11 17:10:37,694 [INFO] PluginManager:220 - loadIPPluginJar : add fmc
2023-08-11 17:10:37,708 [INFO] IPUIPlugin:80 - create IPUIPlugin
2023-08-11 17:10:37,709 [INFO] PluginManager:220 - loadIPPluginJar : add freertos
2023-08-11 17:10:37,731 [INFO] IPUIPlugin:80 - create IPUIPlugin
2023-08-11 17:10:37,731 [INFO] PluginManager:220 - loadIPPluginJar : add genericplugin
2023-08-11 17:10:37,827 [INFO] IPUIPlugin:80 - create IPUIPlugin
2023-08-11 17:10:37,827 [INFO] PluginManager:220 - loadIPPluginJar : add gfxmmu
2023-08-11 17:10:37,962 [INFO] IPUIPlugin:80 - create IPUIPlugin
2023-08-11 17:10:37,962 [INFO] PluginManager:220 - loadIPPluginJar : add gic
2023-08-11 17:10:37,976 [INFO] IPUIPlugin:80 - create IPUIPlugin
2023-08-11 17:10:37,976 [INFO] PluginManager:220 - loadIPPluginJar : add gpio
2023-08-11 17:10:38,084 [INFO] IPUIPlugin:80 - create IPUIPlugin
2023-08-11 17:10:38,084 [INFO] PluginManager:220 - loadIPPluginJar : add gtzc
2023-08-11 17:10:38,124 [INFO] IPUIPlugin:80 - create IPUIPlugin
2023-08-11 17:10:38,125 [INFO] PluginManager:220 - loadIPPluginJar : add hash
2023-08-11 17:10:38,188 [INFO] IPUIPlugin:80 - create IPUIPlugin
2023-08-11 17:10:38,188 [INFO] PluginManager:220 - loadIPPluginJar : add i2c
2023-08-11 17:10:38,235 [INFO] IPUIPlugin:80 - create IPUIPlugin
2023-08-11 17:10:38,235 [INFO] PluginManager:220 - loadIPPluginJar : add i2s
2023-08-11 17:10:38,287 [INFO] IPUIPlugin:80 - create IPUIPlugin
2023-08-11 17:10:38,287 [INFO] PluginManager:220 - loadIPPluginJar : add i3c
2023-08-11 17:10:38,403 [INFO] IPUIPlugin:80 - create IPUIPlugin
2023-08-11 17:10:38,403 [INFO] PluginManager:220 - loadIPPluginJar : add ipddr
2023-08-11 17:10:38,499 [INFO] IPUIPlugin:80 - create IPUIPlugin
2023-08-11 17:10:38,499 [INFO] PluginManager:220 - loadIPPluginJar : add linkedlist
2023-08-11 17:10:38,535 [INFO] IPUIPlugin:80 - create IPUIPlugin
2023-08-11 17:10:38,536 [INFO] PluginManager:220 - loadIPPluginJar : add lorawan
2023-08-11 17:10:38,581 [INFO] IPUIPlugin:80 - create IPUIPlugin
2023-08-11 17:10:38,581 [INFO] PluginManager:220 - loadIPPluginJar : add ltdc
2023-08-11 17:10:38,596 [INFO] IPUIPlugin:80 - create IPUIPlugin
2023-08-11 17:10:38,596 [INFO] PluginManager:220 - loadIPPluginJar : add mdma
2023-08-11 17:10:38,608 [INFO] IPUIPlugin:80 - create IPUIPlugin
2023-08-11 17:10:38,609 [INFO] PluginManager:220 - loadIPPluginJar : add nvic
2023-08-11 17:10:38,646 [INFO] IPUIPlugin:80 - create IPUIPlugin
2023-08-11 17:10:38,646 [INFO] PluginManager:220 - loadIPPluginJar : add opamp
2023-08-11 17:10:38,706 [INFO] IPUIPlugin:80 - create IPUIPlugin
2023-08-11 17:10:38,706 [INFO] PluginManager:220 - loadIPPluginJar : add openamp
2023-08-11 17:10:38,752 [INFO] IPUIPlugin:80 - create IPUIPlugin
2023-08-11 17:10:38,752 [INFO] PluginManager:220 - loadIPPluginJar : add pdm2pcm
2023-08-11 17:10:38,767 [INFO] IPUIPlugin:80 - create IPUIPlugin
2023-08-11 17:10:38,770 [INFO] PluginManager:220 - loadIPPluginJar : add plateformsettings
2023-08-11 17:10:38,793 [INFO] IPUIPlugin:80 - create IPUIPlugin
2023-08-11 17:10:38,794 [INFO] PluginManager:220 - loadIPPluginJar : add quadspi
2023-08-11 17:10:38,808 [INFO] IPUIPlugin:80 - create IPUIPlugin
2023-08-11 17:10:38,808 [INFO] PluginManager:220 - loadIPPluginJar : add resmgrutility
2023-08-11 17:10:38,864 [INFO] IPUIPlugin:80 - create IPUIPlugin
2023-08-11 17:10:38,864 [INFO] PluginManager:220 - loadIPPluginJar : add sai
2023-08-11 17:10:38,903 [INFO] IPUIPlugin:80 - create IPUIPlugin
2023-08-11 17:10:38,903 [INFO] PluginManager:220 - loadIPPluginJar : add spi
2023-08-11 17:10:38,966 [INFO] IPUIPlugin:80 - create IPUIPlugin
2023-08-11 17:10:38,966 [INFO] PluginManager:220 - loadIPPluginJar : add stm32_wpan
2023-08-11 17:10:38,993 [INFO] IPUIPlugin:80 - create IPUIPlugin
2023-08-11 17:10:38,993 [INFO] PluginManager:220 - loadIPPluginJar : add tim
2023-08-11 17:10:39,071 [INFO] IPUIPlugin:80 - create IPUIPlugin
2023-08-11 17:10:39,072 [INFO] PluginManager:220 - loadIPPluginJar : add touchsensing
2023-08-11 17:10:39,103 [INFO] IPUIPlugin:80 - create IPUIPlugin
2023-08-11 17:10:39,103 [INFO] PluginManager:220 - loadIPPluginJar : add tracer_emb
2023-08-11 17:10:39,129 [INFO] IPUIPlugin:80 - create IPUIPlugin
2023-08-11 17:10:39,129 [INFO] PluginManager:220 - loadIPPluginJar : add ts
2023-08-11 17:10:39,152 [INFO] IPUIPlugin:80 - create IPUIPlugin
2023-08-11 17:10:39,152 [INFO] PluginManager:220 - loadIPPluginJar : add tsc
2023-08-11 17:10:39,176 [INFO] IPUIPlugin:80 - create IPUIPlugin
2023-08-11 17:10:39,176 [INFO] PluginManager:220 - loadIPPluginJar : add ucpd
2023-08-11 17:10:39,222 [INFO] IPUIPlugin:80 - create IPUIPlugin
2023-08-11 17:10:39,222 [INFO] PluginManager:220 - loadIPPluginJar : add usart
2023-08-11 17:10:39,270 [INFO] IPUIPlugin:80 - create IPUIPlugin
2023-08-11 17:10:39,270 [INFO] PluginManager:220 - loadIPPluginJar : add usbx
2023-08-11 17:10:39,417 [INFO] CADModel:165 - CPN selected for project level
2023-08-11 17:10:39,417 [INFO] CADModel:114 - Register for checkConnection events
2023-08-11 17:10:39,417 [FATAL] Updater:308 - Updater called before beeing initialized
2023-08-11 17:10:39,417 [ERROR] CADModel:125 - Updater not yet initialized, retry later 
2023-08-11 17:10:39,568 [INFO] ThirdPartyUpdaterWithRetryManager:70 - Updater plugin not ready yet. [2/15]
2023-08-11 17:10:39,622 [INFO] CADModel:165 - CPN selected for project level
2023-08-11 17:10:39,622 [INFO] CADModel:114 - Register for checkConnection events
2023-08-11 17:10:39,622 [FATAL] Updater:308 - Updater called before beeing initialized
2023-08-11 17:10:39,622 [ERROR] CADModel:125 - Updater not yet initialized, retry later 
2023-08-11 17:10:39,626 [FATAL] Updater:308 - Updater called before beeing initialized
2023-08-11 17:10:39,985 [FATAL] Updater:308 - Updater called before beeing initialized
2023-08-11 17:10:40,003 [INFO] DbMcusAds:53 - JSON generation date=Tue Mar 07 17:50:55 KST 2023 (1678179055114)
2023-08-11 17:10:40,003 [FATAL] Updater:308 - Updater called before beeing initialized
2023-08-11 17:10:40,129 [WARN] DetailPanel:346 - Failed to get advertising image, set to default
2023-08-11 17:10:40,357 [FATAL] Updater:308 - Updater called before beeing initialized
2023-08-11 17:10:40,360 [FATAL] Updater:308 - Updater called before beeing initialized
2023-08-11 17:10:40,360 [FATAL] Updater:308 - Updater called before beeing initialized
2023-08-11 17:10:40,360 [WARN] DetailPanel:346 - Failed to get advertising image, set to default
2023-08-11 17:10:40,361 [FATAL] Updater:308 - Updater called before beeing initialized
2023-08-11 17:10:40,527 [ERROR] Updater:1120 - MainUpdater not yet initialized. External WinMGr cannot be set.
2023-08-11 17:10:40,542 [INFO] Updater:1056 - Updater Version found : 6.9.1
2023-08-11 17:10:40,601 [INFO] ApplicationProperties:184 - Using Application install path: F:\STM32CubeIDE_1.13.1\STM32CubeIDE\plugins\com.st.stm32cube.common.mx_6.9.1.202307191849
2023-08-11 17:10:40,796 [INFO] MainUpdater:2868 - connection check result : 10
2023-08-11 17:10:40,796 [INFO] MainUpdater:285 - Updater Check For Update Now.
2023-08-11 17:10:40,797 [INFO] MicroXplorer:498 - Change Database Version : DB.6.0.91
2023-08-11 17:10:40,812 [INFO] McuFinderGlobals:63 - Set McuFinder mode to 2 (CubeIDE integrated)
2023-08-11 17:10:40,812 [INFO] UserAuth:179 - activating auth plugin
2023-08-11 17:10:40,863 [INFO] UserAuth:393 - Internet connection configuration mode: 1
2023-08-11 17:10:40,920 [INFO] JxBrowserEngine:151 - Initiate JxBrowser Engine with user profile folder
2023-08-11 17:10:41,274 [INFO] CheckServerUpdateThread:120 - End of CheckServer Thread
2023-08-11 17:10:42,885 [WARN] PackLoader:240 - Cannot read IP mode file for STMicroelectronics.X-CUBE-GNSS1.6.0.0
2023-08-11 17:10:42,943 [WARN] PackLoader:240 - Cannot read IP mode file for STMicroelectronics.X-CUBE-AZRTOS-F4.1.1.0
2023-08-11 17:10:42,974 [WARN] PackLoader:240 - Cannot read IP mode file for STMicroelectronics.X-CUBE-SMBUS.2.1.0
2023-08-11 17:10:43,088 [WARN] PackLoader:240 - Cannot read IP mode file for STMicroelectronics.X-CUBE-MEMS1.9.2.0
2023-08-11 17:10:43,339 [WARN] PackLoader:240 - Cannot read IP mode file for STMicroelectronics.X-CUBE-AZRTOS-F7.1.1.0
2023-08-11 17:10:43,456 [WARN] PackLoader:240 - Cannot read IP mode file for STMicroelectronics.X-CUBE-MEMS1.9.6.0
2023-08-11 17:10:44,034 [WARN] PackLoader:240 - Cannot read IP mode file for STMicroelectronics.FP-SNS-MOTENV1.4.3.2
2023-08-11 17:10:44,058 [WARN] PackLoader:240 - Cannot read IP mode file for STMicroelectronics.X-CUBE-BLE1.6.2.3
2023-08-11 17:10:44,081 [WARN] PackLoader:240 - Cannot read IP mode file for STMicroelectronics.X-CUBE-BLE1.6.2.4
2023-08-11 17:10:44,136 [WARN] PackLoader:240 - Cannot read IP mode file for STMicroelectronics.X-CUBE-BLEMGR.2.0.0
2023-08-11 17:10:44,516 [WARN] PackLoader:240 - Cannot read IP mode file for STMicroelectronics.FP-SNS-FLIGHT1.5.0.2
2023-08-11 17:10:44,542 [WARN] PackLoader:240 - Cannot read IP mode file for STMicroelectronics.X-CUBE-NFC4.2.0.4
2023-08-11 17:10:44,584 [WARN] ConditionMgr:438 - getConditionDescription Invalid condition id : UX DEVICE CLASS RTOS Condition cause : null
2023-08-11 17:10:44,584 [WARN] ConditionMgr:438 - getConditionDescription Invalid condition id : UX DEVICE CLASS RTOS Condition cause : null
2023-08-11 17:10:44,587 [WARN] PackLoader:240 - Cannot read IP mode file for STMicroelectronics.X-CUBE-AZRTOS-H7.3.1.0
2023-08-11 17:10:44,588 [WARN] ConditionMgr:1039 - genDependencies : Invalid condition id : UX DEVICE CLASS RTOS Condition cause : null
2023-08-11 17:10:44,588 [WARN] ConditionMgr:1039 - genDependencies : Invalid condition id : UX DEVICE CLASS RTOS Condition cause : null
2023-08-11 17:10:44,589 [WARN] ConditionMgr:1039 - genDependencies : Invalid condition id : UX DEVICE CLASS RTOS Condition cause : null
2023-08-11 17:10:44,589 [WARN] ConditionMgr:1039 - genDependencies : Invalid condition id : UX DEVICE CLASS RTOS Condition cause : null
2023-08-11 17:10:44,589 [WARN] ConditionMgr:1039 - genDependencies : Invalid condition id : UX DEVICE CLASS RTOS Condition cause : null
2023-08-11 17:10:44,612 [WARN] PackLoader:240 - Cannot read IP mode file for STMicroelectronics.X-CUBE-TOF1.3.1.0
2023-08-11 17:10:44,641 [WARN] PackLoader:240 - Cannot read IP mode file for STMicroelectronics.X-CUBE-DISPLAY.3.0.0
2023-08-11 17:10:44,688 [WARN] PackLoader:240 - Cannot read IP mode file for STMicroelectronics.X-CUBE-AZRTOS-F4.1.0.0
2023-08-11 17:10:44,732 [WARN] PackLoader:240 - Cannot read IP mode file for STMicroelectronics.X-CUBE-TOUCHGFX.4.22.0
2023-08-11 17:10:44,792 [WARN] PackLoader:240 - Cannot read IP mode file for STMicroelectronics.X-CUBE-NFC7.1.0.1
2023-08-11 17:10:44,814 [WARN] PackLoader:240 - Cannot read IP mode file for STMicroelectronics.X-CUBE-NFC7.1.0.0
2023-08-11 17:10:44,829 [WARN] PackLoader:240 - Cannot read IP mode file for STMicroelectronics.X-CUBE-EEPRMA1.4.1.0
2023-08-11 17:10:44,842 [WARN] PackLoader:240 - Cannot read IP mode file for STMicroelectronics.X-CUBE-AI.7.2.0
2023-08-11 17:10:44,864 [INFO] LogOutputStream:77 - [STDOUT_REDIRECT] 1 : Invalid condition id : UX_CORESTACK_Condition cause : null
2023-08-11 17:10:44,865 [INFO] LogOutputStream:77 - [STDOUT_REDIRECT] 1 : Invalid condition id : UX_CORESTACK_Condition cause : null
2023-08-11 17:10:44,868 [INFO] LogOutputStream:77 - [STDOUT_REDIRECT] 1 : Invalid condition id : UX_CORESTACK_Condition cause : null
2023-08-11 17:10:44,873 [INFO] LogOutputStream:77 - [STDOUT_REDIRECT] 1 : Invalid condition id : UX_CORESTACK_Condition cause : null
2023-08-11 17:10:44,875 [INFO] LogOutputStream:77 - [STDOUT_REDIRECT] 1 : Invalid condition id : UX_CORESTACK_Condition cause : null
2023-08-11 17:10:44,877 [WARN] PackLoader:240 - Cannot read IP mode file for STMicroelectronics.X-CUBE-AZRTOS-WL.2.0.0
2023-08-11 17:10:44,916 [WARN] ConditionMgr:438 - getConditionDescription Invalid condition id : LAN8742 Phy interface Condition cause : null
2023-08-11 17:10:44,917 [WARN] PackLoader:240 - Cannot read IP mode file for STMicroelectronics.X-CUBE-AZRTOS-L4.2.0.0
2023-08-11 17:10:44,918 [WARN] ConditionMgr:1039 - genDependencies : Invalid condition id : LAN8742 Phy interface Condition cause : null
2023-08-11 17:10:44,918 [WARN] ConditionMgr:1039 - genDependencies : Invalid condition id : LAN8742 Phy interface Condition cause : null
2023-08-11 17:10:44,919 [WARN] ConditionMgr:1039 - genDependencies : Invalid condition id : LAN8742 Phy interface Condition cause : null
2023-08-11 17:10:44,938 [WARN] PackLoader:240 - Cannot read IP mode file for WES.I-CUBE-Cesium.1.3.0
2023-08-11 17:10:44,956 [WARN] PackLoader:240 - Cannot read IP mode file for STMicroelectronics.X-CUBE-SFXS2LP1.4.0.0
2023-08-11 17:10:45,044 [WARN] PackLoader:240 - Cannot read IP mode file for STMicroelectronics.X-CUBE-BLE2.3.3.0
2023-08-11 17:10:45,082 [WARN] PackLoader:240 - Cannot read IP mode file for STMicroelectronics.X-CUBE-DISPLAY.2.2.0
2023-08-11 17:10:45,225 [WARN] PackLoader:240 - Cannot read IP mode file for STMicroelectronics.X-CUBE-ISPU.1.1.0
2023-08-11 17:10:45,242 [WARN] PackLoader:240 - Cannot read IP mode file for RoweBots.I-CUBE-UNISONRTOS.5.5.0-4
2023-08-11 17:10:45,271 [WARN] PackLoader:240 - Cannot read IP mode file for STMicroelectronics.X-CUBE-AZRTOS-H7.2.1.0
2023-08-11 17:10:45,473 [WARN] PackLoader:240 - Cannot read IP mode file for wolfSSL.I-CUBE-wolfSSL.5.4.0
2023-08-11 17:10:45,552 [INFO] WebApp:157 - Instantiating new browser for Auth
2023-08-11 17:10:45,635 [WARN] PackLoader:240 - Cannot read IP mode file for STMicroelectronics.X-CUBE-FREERTOS.1.0.1
2023-08-11 17:10:45,650 [WARN] PackLoader:240 - Cannot read IP mode file for STMicroelectronics.X-CUBE-BLEMGR.1.0.0
2023-08-11 17:10:45,666 [WARN] PackLoader:240 - Cannot read IP mode file for STMicroelectronics.X-CUBE-ALGOBUILD.1.3.0
2023-08-11 17:10:45,701 [WARN] PackLoader:240 - Cannot read IP mode file for STMicroelectronics.X-CUBE-AZRTOS-L5.1.1.0
2023-08-11 17:10:45,992 [WARN] PackLoader:240 - Cannot read IP mode file for STMicroelectronics.X-CUBE-AZRTOS-G0.1.1.0
2023-08-11 17:10:46,145 [WARN] PackLoader:240 - Cannot read IP mode file for STMicroelectronics.X-CUBE-AI.8.0.1
2023-08-11 17:10:46,186 [WARN] PackLoader:240 - Cannot read IP mode file for STMicroelectronics.X-CUBE-SUBG2.5.0.0
2023-08-11 17:10:46,258 [WARN] PackLoader:240 - Cannot read IP mode file for STMicroelectronics.X-CUBE-NFC4.3.0.0
2023-08-11 17:10:46,335 [WARN] PackLoader:240 - Cannot read IP mode file for SEGGER.I-CUBE-embOS.1.2.0
2023-08-11 17:10:46,450 [WARN] PackLoader:240 - Cannot read IP mode file for STMicroelectronics.X-CUBE-TOF1.3.3.1
2023-08-11 17:10:46,522 [WARN] PackLoader:240 - Cannot read IP mode file for STMicroelectronics.X-CUBE-AZRTOS-G4.2.0.0
2023-08-11 17:10:46,538 [WARN] PackLoader:240 - Cannot read IP mode file for STMicroelectronics.FP-ATR-ASTRA1.1.1.0
2023-08-11 17:10:46,594 [WARN] PackLoader:240 - Cannot read IP mode file for STMicroelectronics.X-CUBE-AZRTOS-G4.1.0.0
2023-08-11 17:10:46,602 [WARN] PackLoader:240 - Cannot read IP mode file for STMicroelectronics.FP-ATR-SIGFOX1.3.2.0
2023-08-11 17:10:46,678 [WARN] PackLoader:240 - Cannot read IP mode file for STMicroelectronics.X-CUBE-AZRTOS-L4.1.0.0
2023-08-11 17:10:46,733 [WARN] PackLoader:240 - Cannot read IP mode file for emotas.I-CUBE-CANOPEN.1.1.2
2023-08-11 17:10:46,745 [WARN] PackLoader:240 - Cannot read IP mode file for STMicroelectronics.X-CUBE-TOUCHGFX.4.20.0
2023-08-11 17:10:46,797 [WARN] PackLoader:240 - Cannot read IP mode file for STMicroelectronics.X-CUBE-AZRTOS-WL.1.0.0
2023-08-11 17:10:46,813 [WARN] PackLoader:240 - Cannot read IP mode file for portGmbH.I-Cube-SoM-uGOAL.1.1.0
2023-08-11 17:10:46,835 [WARN] PackLoader:240 - Cannot read IP mode file for STMicroelectronics.X-CUBE-ALS.1.0.1
2023-08-11 17:10:46,862 [WARN] PackLoader:240 - Cannot read IP mode file for STMicroelectronics.X-CUBE-AZRTOS-WB.1.1.0
2023-08-11 17:10:46,913 [WARN] PackLoader:240 - Cannot read IP mode file for SEGGER.I-CUBE-embOS.1.3.1
2023-08-11 17:10:46,962 [INFO] WebApp:753 - Register for checkConnection events
2023-08-11 17:10:46,962 [INFO] WebApp:390 - Apply proxy settings
2023-08-11 17:10:46,962 [INFO] WebApp:475 - Chromium requires no authentication
2023-08-11 17:10:47,021 [INFO] WebApp:418 - Direct internet connection detected
2023-08-11 17:10:47,243 [WARN] PackLoader:240 - Cannot read IP mode file for STMicroelectronics.X-CUBE-AZRTOS-L5.1.0.0
2023-08-11 17:10:47,265 [WARN] PackLoader:240 - Cannot read IP mode file for STMicroelectronics.X-CUBE-EEPRMA1.3.1.1
2023-08-11 17:10:47,282 [WARN] PackLoader:240 - Cannot read IP mode file for STMicroelectronics.FP-ATR-ASTRA1.2.0.0
2023-08-11 17:10:47,283 [INFO] ThirdParty:978 - Integrity check success = true
2023-08-11 17:10:47,283 [INFO] IntegrityCheckThread:100 - exiting critical section [integrity check]
2023-08-11 17:10:47,283 [INFO] IntegrityCheckThread:103 - End integrity checks thread
2023-08-11 17:10:47,386 [INFO] WebApp:188 - Starting web application
2023-08-11 17:10:47,386 [INFO] WebApp:520 - Web application path used F:\STM32CubeIDE_1.13.1\STM32CubeIDE\plugins\com.st.stm32cube.common.mx_6.9.1.202307191849\db\plugins\mcufinder\reactClient1\index.html
2023-08-11 17:11:08,396 [ERROR] LogOutputStream:75 - [STDERR_REDIRECT] SLF4J: Failed to load class "org.slf4j.impl.StaticLoggerBinder".
2023-08-11 17:11:08,396 [ERROR] LogOutputStream:75 - [STDERR_REDIRECT] SLF4J: Defaulting to no-operation (NOP) logger implementation
2023-08-11 17:11:08,398 [ERROR] LogOutputStream:75 - [STDERR_REDIRECT] SLF4J: See http://www.slf4j.org/codes.html#StaticLoggerBinder for further details.
2023-08-11 17:52:47,172 [ERROR] LogOutputStream:75 - [STDERR_REDIRECT] 
